Using pre-set license
Built from '2020.3/release' branch; Version is '2020.3.1f1 (77a89f25062f) revision 7841951'; Using compiler version '192528614'; Build Type 'Release'
OS: 'Windows 10 Pro; OS build 19045.2604; Version 2009; 64bit' Language: 'en' Physical Memory: 16227 MB
BatchMode: 1, IsHumanControllingUs: 0, StartBugReporterOnCrash: 0, Is64bit: 1, IsPro: 0

 COMMAND LINE ARGUMENTS:
E:\All Setups\Unity\2020.3.1f1\Editor\Unity.exe
-adb2
-batchMode
-noUpm
-name
AssetImportWorker0
-projectPath
F:/All DATA OF UNI/6th Semester/FYP/Work/Environment Practice/Create-with-VR_2020LTS/VR Room Project
-logFile
Logs/AssetImportWorker0.log
-srvPort
51430
Successfully changed project path to: F:/All DATA OF UNI/6th Semester/FYP/Work/Environment Practice/Create-with-VR_2020LTS/VR Room Project
F:/All DATA OF UNI/6th Semester/FYP/Work/Environment Practice/Create-with-VR_2020LTS/VR Room Project
Using Asset Import Pipeline V2.
Refreshing native plugins compatible for Editor in 234.91 ms, found 8 plugins.
Preloading 1 native plugins for Editor in 2.27 ms.
Initialize engine version: 2020.3.1f1 (77a89f25062f)
[Subsystems] Discovering subsystems at path E:/All Setups/Unity/2020.3.1f1/Editor/Data/Resources/UnitySubsystems
[Subsystems] Discovering subsystems at path F:/All DATA OF UNI/6th Semester/FYP/Work/Environment Practice/Create-with-VR_2020LTS/VR Room Project/Assets
GfxDevice: creating device client; threaded=0
Direct3D:
    Version:  Direct3D 11.0 [level 11.1]
    Renderer: Intel(R) UHD Graphics 620 (ID=0x5917)
    Vendor:   
    VRAM:     8113 MB
    Driver:   31.0.101.2111
Shader 'Universal Render Pipeline/Particles/Lit': fallback shader 'Universal Render Pipeline/Particles/SimpleLit' not found
Initialize mono
Mono path[0] = 'E:/All Setups/Unity/2020.3.1f1/Editor/Data/Managed'
Mono path[1] = 'E:/All Setups/Unity/2020.3.1f1/Editor/Data/MonoBleedingEdge/lib/mono/unityjit'
Mono config path = 'E:/All Setups/Unity/2020.3.1f1/Editor/Data/MonoBleedingEdge/etc'
Using monoOptions --debugger-agent=transport=dt_socket,embedding=1,server=y,suspend=n,address=127.0.0.1:56856
Begin MonoManager ReloadAssembly
Registering precompiled unity dll's ...
Register platform support module: E:/All Setups/Unity/2020.3.1f1/Editor/Data/PlaybackEngines/WindowsStandaloneSupport/UnityEditor.WindowsStandalone.Extensions.dll
Registered in 0.002688 seconds.
Native extension for WindowsStandalone target not found
Refreshing native plugins compatible for Editor in 209.06 ms, found 8 plugins.
Preloading 1 native plugins for Editor in 0.17 ms.
Invoked RoslynAnalysisRunner static constructor.
RoslynAnalysisRunner will not be running.
RoslynAnalysisRunner has terminated.
Mono: successfully reloaded assembly
- Completed reload, in  2.915 seconds
Platform modules already initialized, skipping
Registering precompiled user dll's ...
Registered in 0.012061 seconds.
Begin MonoManager ReloadAssembly
Native extension for WindowsStandalone target not found
Refreshing native plugins compatible for Editor in 167.36 ms, found 8 plugins.
Preloading 1 native plugins for Editor in 0.18 ms.
Invoked RoslynAnalysisRunner static constructor.
RoslynAnalysisRunner will not be running.
RoslynAnalysisRunner has terminated.
[XR] OculusXRPlugin: registering subsystems
[XR] Unable to register display lifecyle provider: [1]
[XR] Oculus Input lifecycle provider registered.
[XR] Unable to register input lifecyle provider: [1]
NullReferenceException: Object reference not set to an instance of an object
  at Unity.XR.Oculus.OculusLoader.AssetPathToAbsolutePath (System.String assetPath) [0x00048] in F:\All DATA OF UNI\6th Semester\FYP\Work\Environment Practice\Create-with-VR_2020LTS\VR Room Project\Library\PackageCache\com.unity.xr.oculus@1.8.1\Runtime\OculusLoader.cs:243 
  at Unity.XR.Oculus.OculusLoader.EditorLoadOVRPlugin () [0x0007b] in F:\All DATA OF UNI\6th Semester\FYP\Work\Environment Practice\Create-with-VR_2020LTS\VR Room Project\Library\PackageCache\com.unity.xr.oculus@1.8.1\Runtime\OculusLoader.cs:228 

(Filename: Library/PackageCache/com.unity.xr.oculus@1.8.1/Runtime/OculusLoader.cs Line: 243)

Mono: successfully reloaded assembly
- Completed reload, in  3.671 seconds
Platform modules already initialized, skipping
========================================================================
Worker process is ready to serve import requests
Shader 'Universal Render Pipeline/Particles/Lit': fallback shader 'Universal Render Pipeline/Particles/SimpleLit' not found
Launched and connected shader compiler UnityShaderCompiler.exe after 0.14 seconds
Refreshing native plugins compatible for Editor in 1.49 ms, found 8 plugins.
Preloading 1 native plugins for Editor in 0.25 ms.
Unloading 3108 Unused Serialized files (Serialized files now loaded: 0)
System memory in use before: 143.9 MB.
System memory in use after: 143.9 MB.

Unloading 26 unused Assets to reduce memory usage. Loaded Objects now: 3547.
Total: 6.465700 ms (FindLiveObjects: 0.887000 ms CreateObjectMapping: 0.531800 ms MarkObjects: 4.898400 ms  DeleteObjects: 0.146300 ms)

========================================================================
Received Import Request.
  path: Assets/_Course Library/Models/VR_Reticle_2_A.fbx
  artifactKey: Guid(b277dae6d3c4d774d954c70940701b62) Importer(815301076,1909f56bfc062723c751e8b465ee728b)
Start importing Assets/_Course Library/Models/VR_Reticle_2_A.fbx using Guid(b277dae6d3c4d774d954c70940701b62) Importer(815301076,1909f56bfc062723c751e8b465ee728b)  -> (artifact id: '1e6e89defba8c04300de01871c85b42c') in 1.089780 seconds
  Import took 1.126847 seconds .

========================================================================
Received Import Request.
  Time since last request: 0.000560 seconds.
  path: Assets/_Course Library/Models/Sports_PingPongPaddle_B.fbx
  artifactKey: Guid(cf103f895044209449eef2a9878fdb80) Importer(815301076,1909f56bfc062723c751e8b465ee728b)
Start importing Assets/_Course Library/Models/Sports_PingPongPaddle_B.fbx using Guid(cf103f895044209449eef2a9878fdb80) Importer(815301076,1909f56bfc062723c751e8b465ee728b)  -> (artifact id: '6fdbb632ad0802afdec240e185a9f101') in 0.154751 seconds
  Import took 0.190393 seconds .

========================================================================
Received Import Request.
  Time since last request: 0.000924 seconds.
  path: Assets/_Course Library/Models/Object_Phone_C.fbx
  artifactKey: Guid(990b44c594fb5274bbf2de7afa06b8b7) Importer(815301076,1909f56bfc062723c751e8b465ee728b)
Start importing Assets/_Course Library/Models/Object_Phone_C.fbx using Guid(990b44c594fb5274bbf2de7afa06b8b7) Importer(815301076,1909f56bfc062723c751e8b465ee728b)  -> (artifact id: '901d9ac806427d8b9eb2eeb37e7c11a8') in 0.099402 seconds
  Import took 0.134954 seconds .

========================================================================
Received Import Request.
  Time since last request: 0.000541 seconds.
  path: Assets/_Course Library/Models/Plant_Fig.fbx
  artifactKey: Guid(fd9653b2e09c81848909857cd4f4ac93) Importer(815301076,1909f56bfc062723c751e8b465ee728b)
Start importing Assets/_Course Library/Models/Plant_Fig.fbx using Guid(fd9653b2e09c81848909857cd4f4ac93) Importer(815301076,1909f56bfc062723c751e8b465ee728b)  -> (artifact id: 'b1ea0f7d97bee842be2be28c85aee1b8') in 0.250537 seconds
  Import took 0.281695 seconds .

========================================================================
Received Import Request.
  Time since last request: 0.001086 seconds.
  path: Assets/_Course Library/Models/Chair_Modern.fbx
  artifactKey: Guid(54de80ef7ba578842b2dbc6098b94a74) Importer(815301076,1909f56bfc062723c751e8b465ee728b)
Start importing Assets/_Course Library/Models/Chair_Modern.fbx using Guid(54de80ef7ba578842b2dbc6098b94a74) Importer(815301076,1909f56bfc062723c751e8b465ee728b)  -> (artifact id: 'f5994ff77a507d53cbb1c8a692ac2948') in 0.107457 seconds
  Import took 0.131499 seconds .

========================================================================
Received Import Request.
  Time since last request: 0.000585 seconds.
  path: Assets/_Course Library/Models/Bin_A_2.fbx
  artifactKey: Guid(cc232384fdabfcd4495a8fc87e275cfd) Importer(815301076,1909f56bfc062723c751e8b465ee728b)
Start importing Assets/_Course Library/Models/Bin_A_2.fbx using Guid(cc232384fdabfcd4495a8fc87e275cfd) Importer(815301076,1909f56bfc062723c751e8b465ee728b)  -> (artifact id: '1753209b9dcb8ead978d00a12e4ed723') in 0.117924 seconds
  Import took 0.170917 seconds .

========================================================================
Received Import Request.
  Time since last request: 0.001142 seconds.
  path: Assets/_Course Library/Models/Slider_2.FBX
  artifactKey: Guid(dcbacd2e11ea73b4ea57e56fed4ae4b8) Importer(815301076,1909f56bfc062723c751e8b465ee728b)
Start importing Assets/_Course Library/Models/Slider_2.FBX using Guid(dcbacd2e11ea73b4ea57e56fed4ae4b8) Importer(815301076,1909f56bfc062723c751e8b465ee728b)  -> (artifact id: 'f28610918e91f024c6141f3dc8472636') in 0.284265 seconds
  Import took 0.355459 seconds .

========================================================================
Received Import Request.
  Time since last request: 0.001176 seconds.
  path: Assets/_Course Library/Models/Object_Book_B_2.fbx
  artifactKey: Guid(245d8e23cc030d944b38cf23dff80838) Importer(815301076,1909f56bfc062723c751e8b465ee728b)
Start importing Assets/_Course Library/Models/Object_Book_B_2.fbx using Guid(245d8e23cc030d944b38cf23dff80838) Importer(815301076,1909f56bfc062723c751e8b465ee728b)  -> (artifact id: '70c695468a2fda29e6eeebb9e597723f') in 0.117075 seconds
  Import took 0.137250 seconds .

========================================================================
Received Import Request.
  Time since last request: 0.000827 seconds.
  path: Assets/_Course Library/Models/Plant_A.fbx
  artifactKey: Guid(9b06acb91be5c434992a9efac8d304f9) Importer(815301076,1909f56bfc062723c751e8b465ee728b)
Start importing Assets/_Course Library/Models/Plant_A.fbx using Guid(9b06acb91be5c434992a9efac8d304f9) Importer(815301076,1909f56bfc062723c751e8b465ee728b)  -> (artifact id: 'c3f1dc8fdde71f8682097fb5a590d299') in 0.171605 seconds
  Import took 0.209188 seconds .

========================================================================
Received Import Request.
  Time since last request: 0.001718 seconds.
  path: Assets/_Course Library/Models/Plant_Snake.fbx
  artifactKey: Guid(fe0f3b6d90cb7de4c8d4741bf31c5a6b) Importer(815301076,1909f56bfc062723c751e8b465ee728b)
Start importing Assets/_Course Library/Models/Plant_Snake.fbx using Guid(fe0f3b6d90cb7de4c8d4741bf31c5a6b) Importer(815301076,1909f56bfc062723c751e8b465ee728b)  -> (artifact id: '84a5c8c0b1f4871c16e535236ee29e64') in 0.186730 seconds
  Import took 0.217353 seconds .

========================================================================
Received Import Request.
  Time since last request: 0.001451 seconds.
  path: Assets/_Course Library/Models/RoomTraditional_Models/Room_Traditional_Ceiling.fbx
  artifactKey: Guid(3f58e30f741850748b952ba0fbfb300a) Importer(815301076,1909f56bfc062723c751e8b465ee728b)
Start importing Assets/_Course Library/Models/RoomTraditional_Models/Room_Traditional_Ceiling.fbx using Guid(3f58e30f741850748b952ba0fbfb300a) Importer(815301076,1909f56bfc062723c751e8b465ee728b)  -> (artifact id: '209dc9f0ffd13b57301c28f513791cf2') in 0.174453 seconds
  Import took 0.224882 seconds .

========================================================================
Received Import Request.
  Time since last request: 0.000989 seconds.
  path: Assets/_Course Library/Models/RoomTraditional_Models/Room_Traditional_Panel.fbx
  artifactKey: Guid(96d3edabfe93f994d9be3598105777bd) Importer(815301076,1909f56bfc062723c751e8b465ee728b)
Start importing Assets/_Course Library/Models/RoomTraditional_Models/Room_Traditional_Panel.fbx using Guid(96d3edabfe93f994d9be3598105777bd) Importer(815301076,1909f56bfc062723c751e8b465ee728b)  -> (artifact id: '0de06833a8ebee72cb6d0ae709878503') in 0.156332 seconds
  Import took 0.192354 seconds .

========================================================================
Received Import Request.
  Time since last request: 0.001179 seconds.
  path: Assets/_Course Library/Models/Sports_TennisRacket.fbx
  artifactKey: Guid(c9fd28eb722fde74d80442a931b47e1c) Importer(815301076,1909f56bfc062723c751e8b465ee728b)
Start importing Assets/_Course Library/Models/Sports_TennisRacket.fbx using Guid(c9fd28eb722fde74d80442a931b47e1c) Importer(815301076,1909f56bfc062723c751e8b465ee728b)  -> (artifact id: '9a246f3422a24d7fdc31f7fca4d71a8d') in 0.143725 seconds
  Import took 0.178393 seconds .

========================================================================
Received Import Request.
  Time since last request: 0.000886 seconds.
  path: Assets/_Course Library/Models/RoomModern_Models/Room_Modern_Door.fbx
  artifactKey: Guid(cd0725da5e217fe42b4679669fb13cc1) Importer(815301076,1909f56bfc062723c751e8b465ee728b)
Start importing Assets/_Course Library/Models/RoomModern_Models/Room_Modern_Door.fbx using Guid(cd0725da5e217fe42b4679669fb13cc1) Importer(815301076,1909f56bfc062723c751e8b465ee728b)  -> (artifact id: '5020e2089c6648702505405b1154f8e5') in 0.209504 seconds
  Import took 0.253546 seconds .

========================================================================
Received Import Request.
  Time since last request: 0.001022 seconds.
  path: Assets/_Course Library/Models/RoomRustic_Models/Room_Rustic_Panel.fbx
  artifactKey: Guid(fdd8fb57e3ed46a4fb0d8e2fab861bb6) Importer(815301076,1909f56bfc062723c751e8b465ee728b)
Start importing Assets/_Course Library/Models/RoomRustic_Models/Room_Rustic_Panel.fbx using Guid(fdd8fb57e3ed46a4fb0d8e2fab861bb6) Importer(815301076,1909f56bfc062723c751e8b465ee728b)  -> (artifact id: 'f73a77ae1225204c8e3630dbe309d5bb') in 0.196917 seconds
  Import took 0.237081 seconds .

========================================================================
Received Import Request.
  Time since last request: 0.001051 seconds.
  path: Assets/_Course Library/Models/Speaker_Boombox.fbx
  artifactKey: Guid(b0befbd5b40c17d4c90a8db749239bb1) Importer(815301076,1909f56bfc062723c751e8b465ee728b)
Start importing Assets/_Course Library/Models/Speaker_Boombox.fbx using Guid(b0befbd5b40c17d4c90a8db749239bb1) Importer(815301076,1909f56bfc062723c751e8b465ee728b)  -> (artifact id: '788a91e6eb952d502d8624b5aa0a6a31') in 0.180812 seconds
  Import took 0.210453 seconds .

========================================================================
Received Import Request.
  Time since last request: 0.000551 seconds.
  path: Assets/_Course Library/Models/RoomRustic_Models/Room_Rustic_WindowPanel.fbx
  artifactKey: Guid(8afa789948e44e749ac067c2f82bf4a7) Importer(815301076,1909f56bfc062723c751e8b465ee728b)
Start importing Assets/_Course Library/Models/RoomRustic_Models/Room_Rustic_WindowPanel.fbx using Guid(8afa789948e44e749ac067c2f82bf4a7) Importer(815301076,1909f56bfc062723c751e8b465ee728b)  -> (artifact id: 'df71edc570986175ccbf60a02e37fa3e') in 0.132833 seconds
  Import took 0.158925 seconds .

========================================================================
Received Import Request.
  Time since last request: 0.000956 seconds.
  path: Assets/_Course Library/Models/Object_Tablet_A.fbx
  artifactKey: Guid(a580bc49bd40a95468a0c0f47ccc3948) Importer(815301076,1909f56bfc062723c751e8b465ee728b)
Start importing Assets/_Course Library/Models/Object_Tablet_A.fbx using Guid(a580bc49bd40a95468a0c0f47ccc3948) Importer(815301076,1909f56bfc062723c751e8b465ee728b)  -> (artifact id: 'd017aff4594037993c8aa3fb43318648') in 0.133344 seconds
  Import took 0.167689 seconds .

========================================================================
Received Import Request.
  Time since last request: 0.000897 seconds.
  path: Assets/_Course Library/Models/Projectile_Staple.fbx
  artifactKey: Guid(024124b820bf3af45bb5f05ca17983f9) Importer(815301076,1909f56bfc062723c751e8b465ee728b)
Start importing Assets/_Course Library/Models/Projectile_Staple.fbx using Guid(024124b820bf3af45bb5f05ca17983f9) Importer(815301076,1909f56bfc062723c751e8b465ee728b)  -> (artifact id: '9d84c4501bb10db2bc5b753169d68023') in 0.148302 seconds
  Import took 0.170497 seconds .

========================================================================
Received Import Request.
  Time since last request: 0.000880 seconds.
  path: Assets/_Course Library/Models/RoomTraditional_Models/Room_Traditional_DoorPanel.fbx
  artifactKey: Guid(6be4e3574f2ffcb4d90108cd045befba) Importer(815301076,1909f56bfc062723c751e8b465ee728b)
Start importing Assets/_Course Library/Models/RoomTraditional_Models/Room_Traditional_DoorPanel.fbx using Guid(6be4e3574f2ffcb4d90108cd045befba) Importer(815301076,1909f56bfc062723c751e8b465ee728b)  -> (artifact id: 'ca364adc960610654d99d92af4bc334d') in 0.128908 seconds
  Import took 0.165302 seconds .

========================================================================
Received Import Request.
  Time since last request: 0.000945 seconds.
  path: Assets/_Course Library/Models/Chest_Traditional.fbx
  artifactKey: Guid(0a94d050e88f6ec40ad49fea002caa26) Importer(815301076,1909f56bfc062723c751e8b465ee728b)
Start importing Assets/_Course Library/Models/Chest_Traditional.fbx using Guid(0a94d050e88f6ec40ad49fea002caa26) Importer(815301076,1909f56bfc062723c751e8b465ee728b)  -> (artifact id: 'f85b7e877183edd6d5b0588c53ba3e7d') in 0.209946 seconds
  Import took 0.255379 seconds .

========================================================================
Received Import Request.
  Time since last request: 0.000898 seconds.
  path: Assets/_Course Library/Models/VR_Hand_B_1.fbx
  artifactKey: Guid(2cc8b85eef177804ca7b98dd2ee74926) Importer(815301076,1909f56bfc062723c751e8b465ee728b)
Start importing Assets/_Course Library/Models/VR_Hand_B_1.fbx using Guid(2cc8b85eef177804ca7b98dd2ee74926) Importer(815301076,1909f56bfc062723c751e8b465ee728b)  -> (artifact id: '27ab58935f3758b6d5ad922e9b2c3748') in 0.138840 seconds
  Import took 0.168567 seconds .

========================================================================
Received Import Request.
  Time since last request: 0.001032 seconds.
  path: Assets/_Course Library/Models/Backgrounds/BuldingBlock_2.fbx
  artifactKey: Guid(fafbe2be630728948b3232d286fcfec1) Importer(815301076,1909f56bfc062723c751e8b465ee728b)
Start importing Assets/_Course Library/Models/Backgrounds/BuldingBlock_2.fbx using Guid(fafbe2be630728948b3232d286fcfec1) Importer(815301076,1909f56bfc062723c751e8b465ee728b)  -> (artifact id: 'c1b58cf03dc82d6ff5bec9f6d9a4d50a') in 0.147569 seconds
  Import took 0.176258 seconds .

========================================================================
Received Import Request.
  Time since last request: 0.000927 seconds.
  path: Assets/_Course Library/Models/Backgrounds/RollingHillsBlock_1.fbx
  artifactKey: Guid(ec2d19848e5aeea418c80db2198066b9) Importer(815301076,1909f56bfc062723c751e8b465ee728b)
Start importing Assets/_Course Library/Models/Backgrounds/RollingHillsBlock_1.fbx using Guid(ec2d19848e5aeea418c80db2198066b9) Importer(815301076,1909f56bfc062723c751e8b465ee728b)  -> (artifact id: '6bd112a74ff51aa3450e5019548867ef') in 0.140842 seconds
  Import took 0.174365 seconds .

========================================================================
Received Import Request.
  Time since last request: 0.001148 seconds.
  path: Assets/_Course Library/Models/RoomTraditional_Models/Room_Traditional_Door.fbx
  artifactKey: Guid(2f22d1a46ab261a4d9621f746d3a536c) Importer(815301076,1909f56bfc062723c751e8b465ee728b)
Start importing Assets/_Course Library/Models/RoomTraditional_Models/Room_Traditional_Door.fbx using Guid(2f22d1a46ab261a4d9621f746d3a536c) Importer(815301076,1909f56bfc062723c751e8b465ee728b)  -> (artifact id: '227f70af65bfbf0dacca6285d7744e0a') in 0.211107 seconds
  Import took 0.246520 seconds .

========================================================================
Received Import Request.
  Time since last request: 0.000523 seconds.
  path: Assets/_Course Library/Models/Object_Phone_A.fbx
  artifactKey: Guid(3190234ad73802c49ad5c2eb80570b60) Importer(815301076,1909f56bfc062723c751e8b465ee728b)
Start importing Assets/_Course Library/Models/Object_Phone_A.fbx using Guid(3190234ad73802c49ad5c2eb80570b60) Importer(815301076,1909f56bfc062723c751e8b465ee728b)  -> (artifact id: '5510af6381c4d780715941f95db3a167') in 0.132175 seconds
  Import took 0.157373 seconds .

========================================================================
Received Import Request.
  Time since last request: 0.000958 seconds.
  path: Assets/_Course Library/Models/Table_Dining_Modern_B.fbx
  artifactKey: Guid(44128cca9d65e6042a63a50810b2f2b3) Importer(815301076,1909f56bfc062723c751e8b465ee728b)
Start importing Assets/_Course Library/Models/Table_Dining_Modern_B.fbx using Guid(44128cca9d65e6042a63a50810b2f2b3) Importer(815301076,1909f56bfc062723c751e8b465ee728b)  -> (artifact id: 'ccfff2535402855e78ee6162b5a2e72b') in 0.147208 seconds
  Import took 0.168190 seconds .

========================================================================
Received Import Request.
  Time since last request: 0.000948 seconds.
  path: Assets/_Course Library/Models/RoomTraditional_Models/Room_Traditional_Floor.fbx
  artifactKey: Guid(85a5605b883036649bf45c79994fc025) Importer(815301076,1909f56bfc062723c751e8b465ee728b)
Start importing Assets/_Course Library/Models/RoomTraditional_Models/Room_Traditional_Floor.fbx using Guid(85a5605b883036649bf45c79994fc025) Importer(815301076,1909f56bfc062723c751e8b465ee728b)  -> (artifact id: 'eb30253a3289e17cbd8bee9c95fdc697') in 0.112589 seconds
  Import took 0.146489 seconds .

========================================================================
Received Import Request.
  Time since last request: 0.001010 seconds.
  path: Assets/_Course Library/Models/Shelving_Modern_A.fbx
  artifactKey: Guid(5af16f78953701b42b57ba2b7cb8ce41) Importer(815301076,1909f56bfc062723c751e8b465ee728b)
Start importing Assets/_Course Library/Models/Shelving_Modern_A.fbx using Guid(5af16f78953701b42b57ba2b7cb8ce41) Importer(815301076,1909f56bfc062723c751e8b465ee728b)  -> (artifact id: '097721cc00178e68ac579543c8d0041c') in 0.124119 seconds
  Import took 0.158559 seconds .

========================================================================
Received Import Request.
  Time since last request: 0.000940 seconds.
  path: Assets/_Course Library/Models/Table_Coffee_Modern.fbx
  artifactKey: Guid(197b76a1c017ec5478889d7d3e3393bd) Importer(815301076,1909f56bfc062723c751e8b465ee728b)
Start importing Assets/_Course Library/Models/Table_Coffee_Modern.fbx using Guid(197b76a1c017ec5478889d7d3e3393bd) Importer(815301076,1909f56bfc062723c751e8b465ee728b)  -> (artifact id: 'e05e510d3a8fb2ba1595bf79d19f8f6d') in 0.148678 seconds
  Import took 0.178881 seconds .

========================================================================
Received Import Request.
  Time since last request: 0.000956 seconds.
  path: Assets/_Course Library/Models/Bin_A_1.fbx
  artifactKey: Guid(f2110f23f107b174186bdcb3d376b30c) Importer(815301076,1909f56bfc062723c751e8b465ee728b)
Start importing Assets/_Course Library/Models/Bin_A_1.fbx using Guid(f2110f23f107b174186bdcb3d376b30c) Importer(815301076,1909f56bfc062723c751e8b465ee728b)  -> (artifact id: '54ee5605bd7eedd95e17372c01d7976a') in 0.148272 seconds
  Import took 0.177734 seconds .

========================================================================
Received Import Request.
  Time since last request: 0.000915 seconds.
  path: Assets/_Course Library/Models/Chair_Modern_B.fbx
  artifactKey: Guid(a99bfce40f8f44647a68dc0babb8e395) Importer(815301076,1909f56bfc062723c751e8b465ee728b)
Start importing Assets/_Course Library/Models/Chair_Modern_B.fbx using Guid(a99bfce40f8f44647a68dc0babb8e395) Importer(815301076,1909f56bfc062723c751e8b465ee728b)  -> (artifact id: 'c6d27d4de20c4ec3b6d3373fb1e407a5') in 0.120855 seconds
  Import took 0.139836 seconds .

========================================================================
Received Import Request.
  Time since last request: 0.000536 seconds.
  path: Assets/_Course Library/Models/RoomRustic_Models/Room_Rustic_Ceiling.fbx
  artifactKey: Guid(ff65149d1469b3745b30db2962a5f11a) Importer(815301076,1909f56bfc062723c751e8b465ee728b)
Start importing Assets/_Course Library/Models/RoomRustic_Models/Room_Rustic_Ceiling.fbx using Guid(ff65149d1469b3745b30db2962a5f11a) Importer(815301076,1909f56bfc062723c751e8b465ee728b)  -> (artifact id: '8a35b4f6c46c6cec4ffb8ad0dc115c34') in 0.130161 seconds
  Import took 0.146437 seconds .

========================================================================
Received Import Request.
  Time since last request: 0.000950 seconds.
  path: Assets/_Course Library/Models/Rug_A_2.fbx
  artifactKey: Guid(9207fa6c58ecec94cb80f02c533aedfe) Importer(815301076,1909f56bfc062723c751e8b465ee728b)
Start importing Assets/_Course Library/Models/Rug_A_2.fbx using Guid(9207fa6c58ecec94cb80f02c533aedfe) Importer(815301076,1909f56bfc062723c751e8b465ee728b)  -> (artifact id: '2b282fa4e31abfc28a6e36b68c9bb2d0') in 0.141803 seconds
  Import took 0.176051 seconds .

========================================================================
Received Import Request.
  Time since last request: 0.000919 seconds.
  path: Assets/_Course Library/Models/Button_Stop.fbx
  artifactKey: Guid(a97a09eb96fbe1f4d94a736d7cec73fe) Importer(815301076,1909f56bfc062723c751e8b465ee728b)
Start importing Assets/_Course Library/Models/Button_Stop.fbx using Guid(a97a09eb96fbe1f4d94a736d7cec73fe) Importer(815301076,1909f56bfc062723c751e8b465ee728b)  -> (artifact id: 'adddc6b35706d149bfeb5aa04ae38281') in 0.122782 seconds
  Import took 0.169016 seconds .

========================================================================
Received Import Request.
  Time since last request: 0.000950 seconds.
  path: Assets/_Course Library/Models/Ball_Pingpong.fbx
  artifactKey: Guid(3237f124fd401c146981f5411d5e48cb) Importer(815301076,1909f56bfc062723c751e8b465ee728b)
Start importing Assets/_Course Library/Models/Ball_Pingpong.fbx using Guid(3237f124fd401c146981f5411d5e48cb) Importer(815301076,1909f56bfc062723c751e8b465ee728b)  -> (artifact id: 'db645de75e0a804191d364a20f95e2ea') in 0.165619 seconds
  Import took 0.200986 seconds .

========================================================================
Received Import Request.
  Time since last request: 0.000978 seconds.
  path: Assets/_Course Library/Models/Ball_Tennis_B.fbx
  artifactKey: Guid(479d30e27e09d5d40ad7bc3e3c719170) Importer(815301076,1909f56bfc062723c751e8b465ee728b)
Start importing Assets/_Course Library/Models/Ball_Tennis_B.fbx using Guid(479d30e27e09d5d40ad7bc3e3c719170) Importer(815301076,1909f56bfc062723c751e8b465ee728b)  -> (artifact id: '51108f8e02ff6215e22799a24984799b') in 0.150551 seconds
  Import took 0.198398 seconds .

========================================================================
Received Import Request.
  Time since last request: 0.001035 seconds.
  path: Assets/_Course Library/Models/Chandelier_Traditional.fbx
  artifactKey: Guid(30cbc3cd9a16fcc4d8c54a9aa698c080) Importer(815301076,1909f56bfc062723c751e8b465ee728b)
Start importing Assets/_Course Library/Models/Chandelier_Traditional.fbx using Guid(30cbc3cd9a16fcc4d8c54a9aa698c080) Importer(815301076,1909f56bfc062723c751e8b465ee728b)  -> (artifact id: 'b15867a207ae6a2d55f5f8882d9715ba') in 0.130408 seconds
  Import took 0.151192 seconds .

========================================================================
Received Import Request.
  Time since last request: 0.000586 seconds.
  path: Assets/_Course Library/Models/Cabinet_Modern_B.fbx
  artifactKey: Guid(332ad90e44467c44a81dea0f29d07765) Importer(815301076,1909f56bfc062723c751e8b465ee728b)
Start importing Assets/_Course Library/Models/Cabinet_Modern_B.fbx using Guid(332ad90e44467c44a81dea0f29d07765) Importer(815301076,1909f56bfc062723c751e8b465ee728b)  -> (artifact id: 'e923d4e1da786f9ca438b8c988b67884') in 0.230428 seconds
  Import took 0.273594 seconds .

========================================================================
Received Import Request.
  Time since last request: 0.001000 seconds.
  path: Assets/_Course Library/Models/Shelving_Modern_B.fbx
  artifactKey: Guid(e72b5c9bb3c86124c9bdf9f506645054) Importer(815301076,1909f56bfc062723c751e8b465ee728b)
Start importing Assets/_Course Library/Models/Shelving_Modern_B.fbx using Guid(e72b5c9bb3c86124c9bdf9f506645054) Importer(815301076,1909f56bfc062723c751e8b465ee728b)  -> (artifact id: '4bdbee1d1c3b937ecb2dc4de6984cd65') in 0.138841 seconds
  Import took 0.173640 seconds .

========================================================================
Received Import Request.
  Time since last request: 0.000832 seconds.
  path: Assets/_Course Library/Models/RoomRustic_Models/Room_Rustic_Window.fbx
  artifactKey: Guid(9f5c53910dd424f42992a7404dd82035) Importer(815301076,1909f56bfc062723c751e8b465ee728b)
Start importing Assets/_Course Library/Models/RoomRustic_Models/Room_Rustic_Window.fbx using Guid(9f5c53910dd424f42992a7404dd82035) Importer(815301076,1909f56bfc062723c751e8b465ee728b)  -> (artifact id: '7236ea75b590b0d3c21c402596cadbad') in 0.139793 seconds
  Import took 0.180015 seconds .

========================================================================
Received Import Request.
  Time since last request: 0.000780 seconds.
  path: Assets/_Course Library/Models/Speaker_RecordPlayer.fbx
  artifactKey: Guid(f421bf55cae3aa8488d771ccf269bca2) Importer(815301076,1909f56bfc062723c751e8b465ee728b)
Start importing Assets/_Course Library/Models/Speaker_RecordPlayer.fbx using Guid(f421bf55cae3aa8488d771ccf269bca2) Importer(815301076,1909f56bfc062723c751e8b465ee728b)  -> (artifact id: '64c4b788a7e98e7261aa33466e12945f') in 0.307578 seconds
  Import took 0.350722 seconds .

========================================================================
Received Import Request.
  Time since last request: 0.000522 seconds.
  path: Assets/_Course Library/Models/Remote.fbx
  artifactKey: Guid(ab7e8d9c07c21b042b06a36e29493889) Importer(815301076,1909f56bfc062723c751e8b465ee728b)
Start importing Assets/_Course Library/Models/Remote.fbx using Guid(ab7e8d9c07c21b042b06a36e29493889) Importer(815301076,1909f56bfc062723c751e8b465ee728b)  -> (artifact id: '24732a4fe0cd72d08790085268f376b3') in 0.145633 seconds
  Import took 0.186457 seconds .

========================================================================
Received Import Request.
  Time since last request: 0.000864 seconds.
  path: Assets/_Course Library/Models/VR_Reticle_1_A.fbx
  artifactKey: Guid(307e23520cfd9f14d941b0f76117a0cb) Importer(815301076,1909f56bfc062723c751e8b465ee728b)
Start importing Assets/_Course Library/Models/VR_Reticle_1_A.fbx using Guid(307e23520cfd9f14d941b0f76117a0cb) Importer(815301076,1909f56bfc062723c751e8b465ee728b)  -> (artifact id: '4f85b1437c7d17ffe65397b46e024d8e') in 0.152803 seconds
  Import took 0.192343 seconds .

========================================================================
Received Import Request.
  Time since last request: 0.000689 seconds.
  path: Assets/_Course Library/Models/RoomRustic_Models/Room_Rustic_Floor.fbx
  artifactKey: Guid(06f2579c205b7db40b0bf435e2087343) Importer(815301076,1909f56bfc062723c751e8b465ee728b)
Start importing Assets/_Course Library/Models/RoomRustic_Models/Room_Rustic_Floor.fbx using Guid(06f2579c205b7db40b0bf435e2087343) Importer(815301076,1909f56bfc062723c751e8b465ee728b)  -> (artifact id: '26cf09721d1a4644e859099eddc74c9d') in 0.101419 seconds
  Import took 0.130247 seconds .

========================================================================
Received Import Request.
  Time since last request: 0.001047 seconds.
  path: Assets/_Course Library/Models/Bin_B_3.fbx
  artifactKey: Guid(9f64811e76fa71149b69f8a24ef0d061) Importer(815301076,1909f56bfc062723c751e8b465ee728b)
Start importing Assets/_Course Library/Models/Bin_B_3.fbx using Guid(9f64811e76fa71149b69f8a24ef0d061) Importer(815301076,1909f56bfc062723c751e8b465ee728b)  -> (artifact id: '787f5100f30214de4e01dda170ce4afc') in 0.172023 seconds
  Import took 0.196301 seconds .

========================================================================
Received Import Request.
  Time since last request: 0.001135 seconds.
  path: Assets/_Course Library/Models/Table_Dining_Traditional.fbx
  artifactKey: Guid(d869b534d2a828f45a5bf1c82042866e) Importer(815301076,1909f56bfc062723c751e8b465ee728b)
Start importing Assets/_Course Library/Models/Table_Dining_Traditional.fbx using Guid(d869b534d2a828f45a5bf1c82042866e) Importer(815301076,1909f56bfc062723c751e8b465ee728b)  -> (artifact id: 'c2126f13705661409992342c0f6b55c4') in 0.155979 seconds
  Import took 0.189438 seconds .

========================================================================
Received Import Request.
  Time since last request: 0.001171 seconds.
  path: Assets/_Course Library/Models/Bin_B_1.fbx
  artifactKey: Guid(b906d7d1081bedc43ab2158c09239d19) Importer(815301076,1909f56bfc062723c751e8b465ee728b)
Start importing Assets/_Course Library/Models/Bin_B_1.fbx using Guid(b906d7d1081bedc43ab2158c09239d19) Importer(815301076,1909f56bfc062723c751e8b465ee728b)  -> (artifact id: '2c338908dc94f4a717f72afe4e6e6bf2') in 0.149350 seconds
  Import took 0.189244 seconds .

========================================================================
Received Import Request.
  Time since last request: 0.001065 seconds.
  path: Assets/_Course Library/Models/Button_Next.fbx
  artifactKey: Guid(b065673e4a3ed054e9d7f2713980b30a) Importer(815301076,1909f56bfc062723c751e8b465ee728b)
Start importing Assets/_Course Library/Models/Button_Next.fbx using Guid(b065673e4a3ed054e9d7f2713980b30a) Importer(815301076,1909f56bfc062723c751e8b465ee728b)  -> (artifact id: '525537b193a1064b53e907d250c43d0e') in 0.205184 seconds
  Import took 0.240759 seconds .

========================================================================
Received Import Request.
  Time since last request: 0.001087 seconds.
  path: Assets/_Course Library/Models/VR_Hand_Yellow.FBX
  artifactKey: Guid(f35cb61652fd6b14ab1932357338e065) Importer(815301076,1909f56bfc062723c751e8b465ee728b)
Start importing Assets/_Course Library/Models/VR_Hand_Yellow.FBX using Guid(f35cb61652fd6b14ab1932357338e065) Importer(815301076,1909f56bfc062723c751e8b465ee728b)  -> (artifact id: '68609ae05ad7037c1001c6d6bca65d86') in 0.145931 seconds
  Import took 0.194278 seconds .

========================================================================
Received Import Request.
  Time since last request: 0.001337 seconds.
  path: Assets/_Course Library/Models/Speaker_RecordPlayer_B.fbx
  artifactKey: Guid(7f86208f05f1899429837e10e0907ff8) Importer(815301076,1909f56bfc062723c751e8b465ee728b)
Start importing Assets/_Course Library/Models/Speaker_RecordPlayer_B.fbx using Guid(7f86208f05f1899429837e10e0907ff8) Importer(815301076,1909f56bfc062723c751e8b465ee728b)  -> (artifact id: '6576e4cccb0d9d58af6aa9c8188e632d') in 0.340935 seconds
  Import took 0.427099 seconds .

========================================================================
Received Import Request.
  Time since last request: 0.001155 seconds.
  path: Assets/_Course Library/Models/Chair_Traditional.fbx
  artifactKey: Guid(1c9f4d68760b3784b9ff57afcf8c2da3) Importer(815301076,1909f56bfc062723c751e8b465ee728b)
Start importing Assets/_Course Library/Models/Chair_Traditional.fbx using Guid(1c9f4d68760b3784b9ff57afcf8c2da3) Importer(815301076,1909f56bfc062723c751e8b465ee728b)  -> (artifact id: '6ff94f5c27a8976f736499e6060c9bac') in 0.151990 seconds
  Import took 0.171618 seconds .

========================================================================
Received Import Request.
  Time since last request: 0.000779 seconds.
  path: Assets/_Course Library/Models/Rug_Oval_2.fbx
  artifactKey: Guid(9489287415015c24b9f6cb9dfbc0cfb0) Importer(815301076,1909f56bfc062723c751e8b465ee728b)
Start importing Assets/_Course Library/Models/Rug_Oval_2.fbx using Guid(9489287415015c24b9f6cb9dfbc0cfb0) Importer(815301076,1909f56bfc062723c751e8b465ee728b)  -> (artifact id: '78eb59026f4393179358e3a7efaec763') in 0.156042 seconds
  Import took 0.175691 seconds .

========================================================================
Received Import Request.
  Time since last request: 0.001038 seconds.
  path: Assets/_Course Library/Models/Sports_TennisRacket_B.fbx
  artifactKey: Guid(86ebb47e575661946a469999ad83c0c9) Importer(815301076,1909f56bfc062723c751e8b465ee728b)
Start importing Assets/_Course Library/Models/Sports_TennisRacket_B.fbx using Guid(86ebb47e575661946a469999ad83c0c9) Importer(815301076,1909f56bfc062723c751e8b465ee728b)  -> (artifact id: '966f6022482fa692298e3ab8977abd49') in 0.143847 seconds
  Import took 0.181047 seconds .

========================================================================
Received Import Request.
  Time since last request: 0.000768 seconds.
  path: Assets/_Course Library/Models/RoomModern_Models/Room_Modern_Ceiling.fbx
  artifactKey: Guid(a75d353809d8fd14ab9a00b22fb37d36) Importer(815301076,1909f56bfc062723c751e8b465ee728b)
Start importing Assets/_Course Library/Models/RoomModern_Models/Room_Modern_Ceiling.fbx using Guid(a75d353809d8fd14ab9a00b22fb37d36) Importer(815301076,1909f56bfc062723c751e8b465ee728b)  -> (artifact id: '7277cb3e145a7ac79a3b0aae51ce58d4') in 0.173192 seconds
  Import took 0.199364 seconds .

========================================================================
Received Import Request.
  Time since last request: 0.001071 seconds.
  path: Assets/_Course Library/Models/Shelving_Traditional.fbx
  artifactKey: Guid(0d4d732aba5e45641b2ae52d0ea88dfe) Importer(815301076,1909f56bfc062723c751e8b465ee728b)
Start importing Assets/_Course Library/Models/Shelving_Traditional.fbx using Guid(0d4d732aba5e45641b2ae52d0ea88dfe) Importer(815301076,1909f56bfc062723c751e8b465ee728b)  -> (artifact id: 'f212654e3ff37eb06c7a4ac3e44d27b9') in 0.159539 seconds
  Import took 0.204598 seconds .

========================================================================
Received Import Request.
  Time since last request: 0.001084 seconds.
  path: Assets/_Course Library/Models/Table_Side_Modern.fbx
  artifactKey: Guid(f550cff9aa9ac1347bc1818b4604be92) Importer(815301076,1909f56bfc062723c751e8b465ee728b)
Start importing Assets/_Course Library/Models/Table_Side_Modern.fbx using Guid(f550cff9aa9ac1347bc1818b4604be92) Importer(815301076,1909f56bfc062723c751e8b465ee728b)  -> (artifact id: 'b5301f6573e79603612a8f4e12b51b6f') in 0.160941 seconds
  Import took 0.195568 seconds .

========================================================================
Received Import Request.
  Time since last request: 0.001075 seconds.
  path: Assets/_Course Library/Models/Backgrounds/BuldingBlock_1.fbx
  artifactKey: Guid(6740ac64e8805ed4991de696e52555ed) Importer(815301076,1909f56bfc062723c751e8b465ee728b)
Start importing Assets/_Course Library/Models/Backgrounds/BuldingBlock_1.fbx using Guid(6740ac64e8805ed4991de696e52555ed) Importer(815301076,1909f56bfc062723c751e8b465ee728b)  -> (artifact id: 'f7871bfdc16a43d06922e207c9cd1150') in 0.214815 seconds
  Import took 0.248871 seconds .

========================================================================
Received Import Request.
  Time since last request: 0.001054 seconds.
  path: Assets/_Course Library/Models/Container_WateringCan.fbx
  artifactKey: Guid(d569962d51477d94a8f8502b1f740b3f) Importer(815301076,1909f56bfc062723c751e8b465ee728b)
Start importing Assets/_Course Library/Models/Container_WateringCan.fbx using Guid(d569962d51477d94a8f8502b1f740b3f) Importer(815301076,1909f56bfc062723c751e8b465ee728b)  -> (artifact id: '6e3d06e0ca5c2aaa121a061c09d3b1ab') in 0.147460 seconds
  Import took 0.179886 seconds .

========================================================================
Received Import Request.
  Time since last request: 0.000982 seconds.
  path: Assets/_Course Library/Models/Chair_Rustic_B.fbx
  artifactKey: Guid(524a1d56c9e4b094ab81b571f753ce16) Importer(815301076,1909f56bfc062723c751e8b465ee728b)
Start importing Assets/_Course Library/Models/Chair_Rustic_B.fbx using Guid(524a1d56c9e4b094ab81b571f753ce16) Importer(815301076,1909f56bfc062723c751e8b465ee728b)  -> (artifact id: '60d7e25069bab4a2c063f35d12fe3546') in 0.163937 seconds
  Import took 0.219928 seconds .

========================================================================
Received Import Request.
  Time since last request: 0.001081 seconds.
  path: Assets/_Course Library/Models/Plant_Pot_Flare.fbx
  artifactKey: Guid(aec7665d811335147a2261045ef7665d) Importer(815301076,1909f56bfc062723c751e8b465ee728b)
Start importing Assets/_Course Library/Models/Plant_Pot_Flare.fbx using Guid(aec7665d811335147a2261045ef7665d) Importer(815301076,1909f56bfc062723c751e8b465ee728b)  -> (artifact id: 'bec0b418c238771e01dd5df7dcd33402') in 0.211011 seconds
  Import took 0.244990 seconds .

========================================================================
Received Import Request.
  Time since last request: 0.001109 seconds.
  path: Assets/_Course Library/Models/Rug_A_1.fbx
  artifactKey: Guid(c0e12de3a2a450f489539018fa68dae0) Importer(815301076,1909f56bfc062723c751e8b465ee728b)
Start importing Assets/_Course Library/Models/Rug_A_1.fbx using Guid(c0e12de3a2a450f489539018fa68dae0) Importer(815301076,1909f56bfc062723c751e8b465ee728b)  -> (artifact id: 'fb46597eb32bbfebcda43c7ed9f9fa0d') in 0.147771 seconds
  Import took 0.194521 seconds .

========================================================================
Received Import Request.
  Time since last request: 0.001231 seconds.
  path: Assets/_Course Library/Models/Container_WateringCan_C.fbx
  artifactKey: Guid(73c4a3d8ff1d32744a4419c968edd5b5) Importer(815301076,1909f56bfc062723c751e8b465ee728b)
Start importing Assets/_Course Library/Models/Container_WateringCan_C.fbx using Guid(73c4a3d8ff1d32744a4419c968edd5b5) Importer(815301076,1909f56bfc062723c751e8b465ee728b)  -> (artifact id: '29bc7f16564e2c17cf0bf7c9fd25e636') in 0.170353 seconds
  Import took 0.200329 seconds .

========================================================================
Received Import Request.
  Time since last request: 0.000680 seconds.
  path: Assets/_Course Library/Models/RoomTraditional_Models/Room_Traditional_All.fbx
  artifactKey: Guid(215119b6893ae7d4b890c9acaa834b89) Importer(815301076,1909f56bfc062723c751e8b465ee728b)
Start importing Assets/_Course Library/Models/RoomTraditional_Models/Room_Traditional_All.fbx using Guid(215119b6893ae7d4b890c9acaa834b89) Importer(815301076,1909f56bfc062723c751e8b465ee728b)  -> (artifact id: '0f7a9bc165c1275fc9287df8d5554347') in 0.413649 seconds
  Import took 0.448514 seconds .

========================================================================
Received Import Request.
  Time since last request: 0.000535 seconds.
  path: Assets/_Course Library/Models/Object_Tablet_C.fbx
  artifactKey: Guid(9d593f8ac898eb14c9a9d14ed05584b9) Importer(815301076,1909f56bfc062723c751e8b465ee728b)
Start importing Assets/_Course Library/Models/Object_Tablet_C.fbx using Guid(9d593f8ac898eb14c9a9d14ed05584b9) Importer(815301076,1909f56bfc062723c751e8b465ee728b)  -> (artifact id: '8306b4883d5ba2a61ca420d23eae2583') in 0.110609 seconds
  Import took 0.131442 seconds .

========================================================================
Received Import Request.
  Time since last request: 0.000527 seconds.
  path: Assets/_Course Library/Models/Chest_Modern.fbx
  artifactKey: Guid(59f9d2be05e0a774899ba14b1f7a1203) Importer(815301076,1909f56bfc062723c751e8b465ee728b)
Start importing Assets/_Course Library/Models/Chest_Modern.fbx using Guid(59f9d2be05e0a774899ba14b1f7a1203) Importer(815301076,1909f56bfc062723c751e8b465ee728b)  -> (artifact id: 'b84025eed56c636aea391ef5c4a22b0c') in 0.119541 seconds
  Import took 0.145406 seconds .

========================================================================
Received Import Request.
  Time since last request: 0.000520 seconds.
  path: Assets/_Course Library/Models/Rug_Oval_1.fbx
  artifactKey: Guid(560b914365adb184b80bad2d60ed4886) Importer(815301076,1909f56bfc062723c751e8b465ee728b)
Start importing Assets/_Course Library/Models/Rug_Oval_1.fbx using Guid(560b914365adb184b80bad2d60ed4886) Importer(815301076,1909f56bfc062723c751e8b465ee728b)  -> (artifact id: '3fc2975b262bcd7a925a1fb42f1928d7') in 0.124848 seconds
  Import took 0.144590 seconds .

========================================================================
Received Import Request.
  Time since last request: 0.000562 seconds.
  path: Assets/_Course Library/Models/Button_Pause.fbx
  artifactKey: Guid(b29014f100d952745a4548e8069f1d95) Importer(815301076,1909f56bfc062723c751e8b465ee728b)
Start importing Assets/_Course Library/Models/Button_Pause.fbx using Guid(b29014f100d952745a4548e8069f1d95) Importer(815301076,1909f56bfc062723c751e8b465ee728b)  -> (artifact id: 'd5a7dcf433c4639feadc7104efc28ab2') in 0.120386 seconds
  Import took 0.150312 seconds .

========================================================================
Received Import Request.
  Time since last request: 0.000942 seconds.
  path: Assets/_Course Library/Models/Chandalier_Modern.fbx
  artifactKey: Guid(8c6a7cdc75fd7ed46baea0f967191dc7) Importer(815301076,1909f56bfc062723c751e8b465ee728b)
Start importing Assets/_Course Library/Models/Chandalier_Modern.fbx using Guid(8c6a7cdc75fd7ed46baea0f967191dc7) Importer(815301076,1909f56bfc062723c751e8b465ee728b)  -> (artifact id: '0d6cb051514cee9663bf8064c6639584') in 0.130160 seconds
  Import took 0.145237 seconds .

========================================================================
Received Import Request.
  Time since last request: 0.000521 seconds.
  path: Assets/_Course Library/Models/Object_Photograph.fbx
  artifactKey: Guid(5b96de882f9db8a4480c0d7c1d28c52e) Importer(815301076,1909f56bfc062723c751e8b465ee728b)
Start importing Assets/_Course Library/Models/Object_Photograph.fbx using Guid(5b96de882f9db8a4480c0d7c1d28c52e) Importer(815301076,1909f56bfc062723c751e8b465ee728b)  -> (artifact id: 'cec1598bf5adb4748656c375802d9ace') in 0.169304 seconds
  Import took 0.181028 seconds .

========================================================================
Received Import Request.
  Time since last request: 0.000535 seconds.
  path: Assets/_Course Library/Models/Launcher_Stapler.fbx
  artifactKey: Guid(bf503a445ac29b1479b29c1dbf0ad594) Importer(815301076,1909f56bfc062723c751e8b465ee728b)
Start importing Assets/_Course Library/Models/Launcher_Stapler.fbx using Guid(bf503a445ac29b1479b29c1dbf0ad594) Importer(815301076,1909f56bfc062723c751e8b465ee728b)  -> (artifact id: 'b300164afc8a78ff0c9fdde8a04c87d9') in 0.130201 seconds
  Import took 0.147911 seconds .

========================================================================
Received Import Request.
  Time since last request: 0.000545 seconds.
  path: Assets/_Course Library/Models/RoomTraditional_Models/Room_Traditional_WindowPanel.fbx
  artifactKey: Guid(8a154df79583475448765e90503b5eb2) Importer(815301076,1909f56bfc062723c751e8b465ee728b)
Start importing Assets/_Course Library/Models/RoomTraditional_Models/Room_Traditional_WindowPanel.fbx using Guid(8a154df79583475448765e90503b5eb2) Importer(815301076,1909f56bfc062723c751e8b465ee728b)  -> (artifact id: 'f73aec5d02bff0e94f7819705595ed80') in 0.102816 seconds
  Import took 0.114332 seconds .

========================================================================
Received Import Request.
  Time since last request: 0.000575 seconds.
  path: Assets/_Course Library/Models/Chandelier_Rustic.fbx
  artifactKey: Guid(18c0edda600483b4789dbdccc43b1e13) Importer(815301076,1909f56bfc062723c751e8b465ee728b)
Start importing Assets/_Course Library/Models/Chandelier_Rustic.fbx using Guid(18c0edda600483b4789dbdccc43b1e13) Importer(815301076,1909f56bfc062723c751e8b465ee728b)  -> (artifact id: '1768ff0334ac9d1f35c5f9fd6e7290b4') in 0.127652 seconds
  Import took 0.139377 seconds .

========================================================================
Received Import Request.
  Time since last request: 0.000560 seconds.
  path: Assets/_Course Library/Models/Art_Painting_1.fbx
  artifactKey: Guid(532e7074e2e914c4190b79a6fd2a2669) Importer(815301076,1909f56bfc062723c751e8b465ee728b)
Start importing Assets/_Course Library/Models/Art_Painting_1.fbx using Guid(532e7074e2e914c4190b79a6fd2a2669) Importer(815301076,1909f56bfc062723c751e8b465ee728b)  -> (artifact id: '0e74e1a14e147800353da54e07b8b233') in 0.089839 seconds
  Import took 0.121126 seconds .

========================================================================
Received Import Request.
  Time since last request: 0.000742 seconds.
  path: Assets/_Course Library/Models/Sports_PingPongPaddle.fbx
  artifactKey: Guid(7bd01e90df23b1b449ba1be9b0bb7ee5) Importer(815301076,1909f56bfc062723c751e8b465ee728b)
Start importing Assets/_Course Library/Models/Sports_PingPongPaddle.fbx using Guid(7bd01e90df23b1b449ba1be9b0bb7ee5) Importer(815301076,1909f56bfc062723c751e8b465ee728b)  -> (artifact id: '1b17639c280925e15087ca544f1b1c8e') in 0.101066 seconds
  Import took 0.133924 seconds .

========================================================================
Received Import Request.
  Time since last request: 0.000704 seconds.
  path: Assets/_Course Library/Models/TV_FlatWallMounted 1.fbx
  artifactKey: Guid(72bfa3b5cc1b2224cb8d36e9c68896d9) Importer(815301076,1909f56bfc062723c751e8b465ee728b)
Start importing Assets/_Course Library/Models/TV_FlatWallMounted 1.fbx using Guid(72bfa3b5cc1b2224cb8d36e9c68896d9) Importer(815301076,1909f56bfc062723c751e8b465ee728b)  -> (artifact id: '27280cbaa6df80895e5d43c0140e309f') in 0.175214 seconds
  Import took 0.187863 seconds .

========================================================================
Received Import Request.
  Time since last request: 0.000558 seconds.
  path: Assets/_Course Library/Models/VR_Hand_Grey.FBX
  artifactKey: Guid(86f028fd990ed624caae1b2da6f1d8a5) Importer(815301076,1909f56bfc062723c751e8b465ee728b)
Start importing Assets/_Course Library/Models/VR_Hand_Grey.FBX using Guid(86f028fd990ed624caae1b2da6f1d8a5) Importer(815301076,1909f56bfc062723c751e8b465ee728b)  -> (artifact id: '3e3b82f00a01e1dccab9acaeb66e549e') in 0.151963 seconds
  Import took 0.175408 seconds .

========================================================================
Received Import Request.
  Time since last request: 0.000588 seconds.
  path: Assets/_Course Library/Models/RoomRustic_Models/Room_Rustic_All.fbx
  artifactKey: Guid(5b7378af8ebeb2c4b9ba1624fe8ce998) Importer(815301076,1909f56bfc062723c751e8b465ee728b)
Start importing Assets/_Course Library/Models/RoomRustic_Models/Room_Rustic_All.fbx using Guid(5b7378af8ebeb2c4b9ba1624fe8ce998) Importer(815301076,1909f56bfc062723c751e8b465ee728b)  -> (artifact id: 'b82118abec14df2018bf4aa37af81341') in 0.361613 seconds
  Import took 0.374521 seconds .

========================================================================
Received Import Request.
  Time since last request: 0.000637 seconds.
  path: Assets/_Course Library/Models/Button_Play.fbx
  artifactKey: Guid(d8793a748e79fa64fb6518525754b624) Importer(815301076,1909f56bfc062723c751e8b465ee728b)
Start importing Assets/_Course Library/Models/Button_Play.fbx using Guid(d8793a748e79fa64fb6518525754b624) Importer(815301076,1909f56bfc062723c751e8b465ee728b)  -> (artifact id: '7cbc173bc48b239fd347374932a06e28') in 0.117637 seconds
  Import took 0.147051 seconds .

========================================================================
Received Import Request.
  Time since last request: 0.000606 seconds.
  path: Assets/_Course Library/Models/Ball_Baseball.fbx
  artifactKey: Guid(40e4cec1d817dec42843bf5cff0ef4d4) Importer(815301076,1909f56bfc062723c751e8b465ee728b)
Start importing Assets/_Course Library/Models/Ball_Baseball.fbx using Guid(40e4cec1d817dec42843bf5cff0ef4d4) Importer(815301076,1909f56bfc062723c751e8b465ee728b)  -> (artifact id: '3c806facfb412e987f5c79544b23ebf5') in 0.150388 seconds
  Import took 0.202787 seconds .

========================================================================
Received Import Request.
  Time since last request: 0.001030 seconds.
  path: Assets/_Course Library/Models/Ball_Tennis.fbx
  artifactKey: Guid(d6b5780a9f86954498a6a8eb9db39df5) Importer(815301076,1909f56bfc062723c751e8b465ee728b)
Start importing Assets/_Course Library/Models/Ball_Tennis.fbx using Guid(d6b5780a9f86954498a6a8eb9db39df5) Importer(815301076,1909f56bfc062723c751e8b465ee728b)  -> (artifact id: '1f4991f2772641afc27b19828691ae31') in 0.160969 seconds
  Import took 0.200161 seconds .

========================================================================
Received Import Request.
  Time since last request: 0.000870 seconds.
  path: Assets/_Course Library/Models/Backgrounds/BuldingBlock_3.fbx
  artifactKey: Guid(eeadb852347da4b4386bf85763d80980) Importer(815301076,1909f56bfc062723c751e8b465ee728b)
Start importing Assets/_Course Library/Models/Backgrounds/BuldingBlock_3.fbx using Guid(eeadb852347da4b4386bf85763d80980) Importer(815301076,1909f56bfc062723c751e8b465ee728b)  -> (artifact id: 'dfb478835ef8fcf6d8aa902501e19ec5') in 0.166021 seconds
  Import took 0.197408 seconds .

========================================================================
Received Import Request.
  Time since last request: 0.001025 seconds.
  path: Assets/_Course Library/Models/RoomModern_Models/Room_Modern_WindowPanel.fbx
  artifactKey: Guid(2778dad60f753d44094bdd4e836725df) Importer(815301076,1909f56bfc062723c751e8b465ee728b)
Start importing Assets/_Course Library/Models/RoomModern_Models/Room_Modern_WindowPanel.fbx using Guid(2778dad60f753d44094bdd4e836725df) Importer(815301076,1909f56bfc062723c751e8b465ee728b)  -> (artifact id: '1626afc480e5ddab342a52014e190fae') in 0.171905 seconds
  Import took 0.199039 seconds .

========================================================================
Received Import Request.
  Time since last request: 0.001283 seconds.
  path: Assets/_Course Library/Models/Chair_Traditional_B.fbx
  artifactKey: Guid(c85425214953d3e458c75798dc76fde9) Importer(815301076,1909f56bfc062723c751e8b465ee728b)
Start importing Assets/_Course Library/Models/Chair_Traditional_B.fbx using Guid(c85425214953d3e458c75798dc76fde9) Importer(815301076,1909f56bfc062723c751e8b465ee728b)  -> (artifact id: 'c23406864bf23f754f63bbee77f21866') in 0.153598 seconds
  Import took 0.192908 seconds .

========================================================================
Received Import Request.
  Time since last request: 0.000766 seconds.
  path: Assets/_Course Library/Models/RoomModern_Models/Room_Modern_Panel.fbx
  artifactKey: Guid(f87e5af1ff58f1244b8f685cdc6bf9bf) Importer(815301076,1909f56bfc062723c751e8b465ee728b)
Start importing Assets/_Course Library/Models/RoomModern_Models/Room_Modern_Panel.fbx using Guid(f87e5af1ff58f1244b8f685cdc6bf9bf) Importer(815301076,1909f56bfc062723c751e8b465ee728b)  -> (artifact id: 'c6a816babef15144e67abaa3111f6a73') in 0.148767 seconds
  Import took 0.202192 seconds .

========================================================================
Received Import Request.
  Time since last request: 0.000954 seconds.
  path: Assets/_Course Library/Models/Object_Book_C_3.fbx
  artifactKey: Guid(48d9919b6a821a049b892481e0a2b6d6) Importer(815301076,1909f56bfc062723c751e8b465ee728b)
Start importing Assets/_Course Library/Models/Object_Book_C_3.fbx using Guid(48d9919b6a821a049b892481e0a2b6d6) Importer(815301076,1909f56bfc062723c751e8b465ee728b)  -> (artifact id: 'caf0da8b89d430022020ff834261672a') in 0.136669 seconds
  Import took 0.167852 seconds .

========================================================================
Received Import Request.
  Time since last request: 0.000814 seconds.
  path: Assets/_Course Library/Models/RoomRustic_Models/Room_Rustic_Door.fbx
  artifactKey: Guid(fb6def4110e9f5e47867742140db3077) Importer(815301076,1909f56bfc062723c751e8b465ee728b)
Start importing Assets/_Course Library/Models/RoomRustic_Models/Room_Rustic_Door.fbx using Guid(fb6def4110e9f5e47867742140db3077) Importer(815301076,1909f56bfc062723c751e8b465ee728b)  -> (artifact id: 'f64f32d3181bb044d634bf239f4481fe') in 0.201239 seconds
  Import took 0.242579 seconds .

========================================================================
Received Import Request.
  Time since last request: 0.001059 seconds.
  path: Assets/_Course Library/Models/Object_Tablet_B.fbx
  artifactKey: Guid(d0736963586b9ef4ab90c4c632f18739) Importer(815301076,1909f56bfc062723c751e8b465ee728b)
Start importing Assets/_Course Library/Models/Object_Tablet_B.fbx using Guid(d0736963586b9ef4ab90c4c632f18739) Importer(815301076,1909f56bfc062723c751e8b465ee728b)  -> (artifact id: '94e23f3f152f1642387a50e70b9705fc') in 0.133465 seconds
  Import took 0.164380 seconds .

========================================================================
Received Import Request.
  Time since last request: 0.000618 seconds.
  path: Assets/_Course Library/Models/Art_Painting_5.fbx
  artifactKey: Guid(d6abe7a25983f9c4ea3bb6f1a0ae0d9a) Importer(815301076,1909f56bfc062723c751e8b465ee728b)
Start importing Assets/_Course Library/Models/Art_Painting_5.fbx using Guid(d6abe7a25983f9c4ea3bb6f1a0ae0d9a) Importer(815301076,1909f56bfc062723c751e8b465ee728b)  -> (artifact id: '973a44b58a0ebf2459ce2980ccaf89d1') in 0.134306 seconds
  Import took 0.207011 seconds .

========================================================================
Received Import Request.
  Time since last request: 0.000877 seconds.
  path: Assets/_Course Library/Models/Table_Coffee_Traditional.fbx
  artifactKey: Guid(816f02e84cfc7ac418847b8e5396a9c3) Importer(815301076,1909f56bfc062723c751e8b465ee728b)
Start importing Assets/_Course Library/Models/Table_Coffee_Traditional.fbx using Guid(816f02e84cfc7ac418847b8e5396a9c3) Importer(815301076,1909f56bfc062723c751e8b465ee728b)  -> (artifact id: '1b0788ecf90cc6e7751c00f37662ecdd') in 0.187055 seconds
  Import took 0.202087 seconds .

========================================================================
Received Import Request.
  Time since last request: 0.000566 seconds.
  path: Assets/_Course Library/Models/RoomTraditional_Models/Room_Traditional_Window.fbx
  artifactKey: Guid(c181d071cf3898e4f93504998718f775) Importer(815301076,1909f56bfc062723c751e8b465ee728b)
Start importing Assets/_Course Library/Models/RoomTraditional_Models/Room_Traditional_Window.fbx using Guid(c181d071cf3898e4f93504998718f775) Importer(815301076,1909f56bfc062723c751e8b465ee728b)  -> (artifact id: '4e2d76f60ea5be7cf07b7e675d11197c') in 0.090068 seconds
  Import took 0.114436 seconds .

========================================================================
Received Import Request.
  Time since last request: 0.000419 seconds.
  path: Assets/_Course Library/Models/Backgrounds/SkyscrapersPlane.fbx
  artifactKey: Guid(a210a7dd9455e17488bd0c3533fb3d83) Importer(815301076,1909f56bfc062723c751e8b465ee728b)
Start importing Assets/_Course Library/Models/Backgrounds/SkyscrapersPlane.fbx using Guid(a210a7dd9455e17488bd0c3533fb3d83) Importer(815301076,1909f56bfc062723c751e8b465ee728b)  -> (artifact id: '042a9a0e42a72d1a7a0b9a2086eb51d2') in 0.092290 seconds
  Import took 0.117808 seconds .

========================================================================
Received Import Request.
  Time since last request: 0.000524 seconds.
  path: Assets/_Course Library/Models/Art_Painting_4.fbx
  artifactKey: Guid(1dff19bba321fd541a14ab1bee60a697) Importer(815301076,1909f56bfc062723c751e8b465ee728b)
Start importing Assets/_Course Library/Models/Art_Painting_4.fbx using Guid(1dff19bba321fd541a14ab1bee60a697) Importer(815301076,1909f56bfc062723c751e8b465ee728b)  -> (artifact id: '7134a8d35f5110f7e7a650d59db50fcd') in 0.134909 seconds
  Import took 0.151843 seconds .

========================================================================
Received Import Request.
  Time since last request: 0.000512 seconds.
  path: Assets/_Course Library/Models/Art_Painting_2.fbx
  artifactKey: Guid(9477c868375f7134ab79b2306d22dc6a) Importer(815301076,1909f56bfc062723c751e8b465ee728b)
Start importing Assets/_Course Library/Models/Art_Painting_2.fbx using Guid(9477c868375f7134ab79b2306d22dc6a) Importer(815301076,1909f56bfc062723c751e8b465ee728b)  -> (artifact id: 'b55e7ba2676052feaf6de864fcb9cb01') in 0.091353 seconds
  Import took 0.106925 seconds .

========================================================================
Received Import Request.
  Time since last request: 0.000800 seconds.
  path: Assets/_Course Library/Models/RoomModern_Models/Room_Modern_Window.fbx
  artifactKey: Guid(1f8f4dd08a8e1c346a29c4ea114b20b0) Importer(815301076,1909f56bfc062723c751e8b465ee728b)
Start importing Assets/_Course Library/Models/RoomModern_Models/Room_Modern_Window.fbx using Guid(1f8f4dd08a8e1c346a29c4ea114b20b0) Importer(815301076,1909f56bfc062723c751e8b465ee728b)  -> (artifact id: '29c20c4519dca0696910b166c03a95c1') in 0.146591 seconds
  Import took 0.162488 seconds .

========================================================================
Received Import Request.
  Time since last request: 0.000625 seconds.
  path: Assets/_Course Library/Models/Object_Camera.fbx
  artifactKey: Guid(d13e3f2de1c595a43b1bf16f84f14ad9) Importer(815301076,1909f56bfc062723c751e8b465ee728b)
Start importing Assets/_Course Library/Models/Object_Camera.fbx using Guid(d13e3f2de1c595a43b1bf16f84f14ad9) Importer(815301076,1909f56bfc062723c751e8b465ee728b)  -> (artifact id: 'f6cd143516039311ef2f4e897c9f25bf') in 0.181825 seconds
  Import took 0.194824 seconds .

========================================================================
Received Import Request.
  Time since last request: 0.000545 seconds.
  path: Assets/_Course Library/Models/Object_Book_C_2.fbx
  artifactKey: Guid(0498ac2d975fbf045b03486b7b62f572) Importer(815301076,1909f56bfc062723c751e8b465ee728b)
Start importing Assets/_Course Library/Models/Object_Book_C_2.fbx using Guid(0498ac2d975fbf045b03486b7b62f572) Importer(815301076,1909f56bfc062723c751e8b465ee728b)  -> (artifact id: '0c1be6f4fbd5eb819a917d2ebc0d72ea') in 0.124281 seconds
  Import took 0.153426 seconds .

========================================================================
Received Import Request.
  Time since last request: 0.000949 seconds.
  path: Assets/_Course Library/Models/Object_Phone_B.fbx
  artifactKey: Guid(284d8fb4b47a7e146acc2c49596eb96d) Importer(815301076,1909f56bfc062723c751e8b465ee728b)
Start importing Assets/_Course Library/Models/Object_Phone_B.fbx using Guid(284d8fb4b47a7e146acc2c49596eb96d) Importer(815301076,1909f56bfc062723c751e8b465ee728b)  -> (artifact id: '9f937be5fa9b1924c0e340a9ba7f83e2') in 0.134829 seconds
  Import took 0.180975 seconds .

========================================================================
Received Import Request.
  Time since last request: 0.000517 seconds.
  path: Assets/_Course Library/Models/Plant_Pot_Cylinder.fbx
  artifactKey: Guid(9a839d2141cd30746b46c090e6638fbe) Importer(815301076,1909f56bfc062723c751e8b465ee728b)
Start importing Assets/_Course Library/Models/Plant_Pot_Cylinder.fbx using Guid(9a839d2141cd30746b46c090e6638fbe) Importer(815301076,1909f56bfc062723c751e8b465ee728b)  -> (artifact id: '8df3376d5c9c1a69e547c890b587d270') in 0.161194 seconds
  Import took 0.173341 seconds .

========================================================================
Received Import Request.
  Time since last request: 0.000633 seconds.
  path: Assets/_Course Library/Models/Ball_Cricket.fbx
  artifactKey: Guid(dda8659e0174c6048852838fad15ddfa) Importer(815301076,1909f56bfc062723c751e8b465ee728b)
Start importing Assets/_Course Library/Models/Ball_Cricket.fbx using Guid(dda8659e0174c6048852838fad15ddfa) Importer(815301076,1909f56bfc062723c751e8b465ee728b)  -> (artifact id: 'caa23926f7bb23feb4201906a092b2c8') in 0.160262 seconds
  Import took 0.180341 seconds .

========================================================================
Received Import Request.
  Time since last request: 0.000867 seconds.
  path: Assets/_Course Library/Models/RoomModern_Models/Room_Modern_Floor.fbx
  artifactKey: Guid(57fe5a64b5d206f4f984ca9de0b7fb89) Importer(815301076,1909f56bfc062723c751e8b465ee728b)
Start importing Assets/_Course Library/Models/RoomModern_Models/Room_Modern_Floor.fbx using Guid(57fe5a64b5d206f4f984ca9de0b7fb89) Importer(815301076,1909f56bfc062723c751e8b465ee728b)  -> (artifact id: 'a39de2ac1cd1c4a2b4de70f357f838d0') in 0.143583 seconds
  Import took 0.177389 seconds .

========================================================================
Received Import Request.
  Time since last request: 0.000928 seconds.
  path: Assets/_Course Library/Models/Chest_Modern_B.fbx
  artifactKey: Guid(42324ce4420b0544ab69afb9e3185de8) Importer(815301076,1909f56bfc062723c751e8b465ee728b)
Start importing Assets/_Course Library/Models/Chest_Modern_B.fbx using Guid(42324ce4420b0544ab69afb9e3185de8) Importer(815301076,1909f56bfc062723c751e8b465ee728b)  -> (artifact id: '177ccb35680d67fd92ee71c85fe2a6cb') in 0.228163 seconds
  Import took 0.253748 seconds .

========================================================================
Received Import Request.
  Time since last request: 0.000705 seconds.
  path: Assets/_Course Library/Models/Cabinet_Traditional.fbx
  artifactKey: Guid(607380a30bf2d1d418836bcf8ea20328) Importer(815301076,1909f56bfc062723c751e8b465ee728b)
Start importing Assets/_Course Library/Models/Cabinet_Traditional.fbx using Guid(607380a30bf2d1d418836bcf8ea20328) Importer(815301076,1909f56bfc062723c751e8b465ee728b)  -> (artifact id: 'dd918f1a43ef67ecafc41473b0045980') in 0.193236 seconds
  Import took 0.232667 seconds .

========================================================================
Received Import Request.
  Time since last request: 0.000718 seconds.
  path: Assets/_Course Library/Models/Slider_1.fbx
  artifactKey: Guid(2e68c8d1a02debb4d8c26e384e21498a) Importer(815301076,1909f56bfc062723c751e8b465ee728b)
Start importing Assets/_Course Library/Models/Slider_1.fbx using Guid(2e68c8d1a02debb4d8c26e384e21498a) Importer(815301076,1909f56bfc062723c751e8b465ee728b)  -> (artifact id: '0386c643803acd32b033cfdfca7e4631') in 0.205324 seconds
  Import took 0.233181 seconds .

========================================================================
Received Import Request.
  Time since last request: 0.000544 seconds.
  path: Assets/_Course Library/Models/Plant_Pot_Round.fbx
  artifactKey: Guid(3f653719e6a05cc4d920120a8ec8f03b) Importer(815301076,1909f56bfc062723c751e8b465ee728b)
Start importing Assets/_Course Library/Models/Plant_Pot_Round.fbx using Guid(3f653719e6a05cc4d920120a8ec8f03b) Importer(815301076,1909f56bfc062723c751e8b465ee728b)  -> (artifact id: '2a72ca588744fd79c8f9e41b6dcebec6') in 0.113583 seconds
  Import took 0.127412 seconds .

========================================================================
Received Import Request.
  Time since last request: 0.000667 seconds.
  path: Assets/_Course Library/Models/Table_Side_Traditional.fbx
  artifactKey: Guid(9db8dbf70f24c5f499f088351ba4b805) Importer(815301076,1909f56bfc062723c751e8b465ee728b)
Start importing Assets/_Course Library/Models/Table_Side_Traditional.fbx using Guid(9db8dbf70f24c5f499f088351ba4b805) Importer(815301076,1909f56bfc062723c751e8b465ee728b)  -> (artifact id: '63bc885f37fbca88c7b7b20fb451c6f4') in 0.216606 seconds
  Import took 0.247774 seconds .

========================================================================
Received Import Request.
  Time since last request: 0.000514 seconds.
  path: Assets/_Course Library/Models/Table_Side_Modern_B.fbx
  artifactKey: Guid(4972fc4c3bc90024795a1c8937b927fd) Importer(815301076,1909f56bfc062723c751e8b465ee728b)
Start importing Assets/_Course Library/Models/Table_Side_Modern_B.fbx using Guid(4972fc4c3bc90024795a1c8937b927fd) Importer(815301076,1909f56bfc062723c751e8b465ee728b)  -> (artifact id: 'e0168f37f6f092ac613c2e7e88019f55') in 0.163114 seconds
  Import took 0.182472 seconds .

========================================================================
Received Import Request.
  Time since last request: 0.000796 seconds.
  path: Assets/_Course Library/Models/Bin_B_2.fbx
  artifactKey: Guid(518df1129d5b1fe4d9f4bce622b1011b) Importer(815301076,1909f56bfc062723c751e8b465ee728b)
Start importing Assets/_Course Library/Models/Bin_B_2.fbx using Guid(518df1129d5b1fe4d9f4bce622b1011b) Importer(815301076,1909f56bfc062723c751e8b465ee728b)  -> (artifact id: 'c8a0e5b204ab293aeeefbe6252d9700f') in 0.137464 seconds
  Import took 0.155696 seconds .

========================================================================
Received Import Request.
  Time since last request: 0.000600 seconds.
  path: Assets/_Course Library/Models/RoomRustic_Models/Room_Rustic_DoorPanel.fbx
  artifactKey: Guid(0abeb080ee892454790c294532a792b2) Importer(815301076,1909f56bfc062723c751e8b465ee728b)
Start importing Assets/_Course Library/Models/RoomRustic_Models/Room_Rustic_DoorPanel.fbx using Guid(0abeb080ee892454790c294532a792b2) Importer(815301076,1909f56bfc062723c751e8b465ee728b)  -> (artifact id: '64d3f45410e80aa1addcbfc5351307f7') in 0.118555 seconds
  Import took 0.138749 seconds .

========================================================================
Received Import Request.
  Time since last request: 0.000894 seconds.
  path: Assets/_Course Library/Models/Container_WateringCan_B.fbx
  artifactKey: Guid(57d79a47c06580e469a00c13bcfb1cbf) Importer(815301076,1909f56bfc062723c751e8b465ee728b)
Start importing Assets/_Course Library/Models/Container_WateringCan_B.fbx using Guid(57d79a47c06580e469a00c13bcfb1cbf) Importer(815301076,1909f56bfc062723c751e8b465ee728b)  -> (artifact id: '8f994e93a9b06c378415f4aa9f3e481f') in 0.173459 seconds
  Import took 0.204944 seconds .

========================================================================
Received Import Request.
  Time since last request: 0.000944 seconds.
  path: Assets/_Course Library/Models/TV_FlatWithStand.fbx
  artifactKey: Guid(fa7a2edb079c9be429444ad66212154f) Importer(815301076,1909f56bfc062723c751e8b465ee728b)
Start importing Assets/_Course Library/Models/TV_FlatWithStand.fbx using Guid(fa7a2edb079c9be429444ad66212154f) Importer(815301076,1909f56bfc062723c751e8b465ee728b)  -> (artifact id: '77e272810c2a6b254c87906b9b9ee9a2') in 0.193098 seconds
  Import took 0.209873 seconds .

========================================================================
Received Import Request.
  Time since last request: 0.000649 seconds.
  path: Assets/_Course Library/Models/RoomModern_Models/Room_Modern_DoorPanel.fbx
  artifactKey: Guid(06fa93e6873e8c44fbd668b15d71fb14) Importer(815301076,1909f56bfc062723c751e8b465ee728b)
Start importing Assets/_Course Library/Models/RoomModern_Models/Room_Modern_DoorPanel.fbx using Guid(06fa93e6873e8c44fbd668b15d71fb14) Importer(815301076,1909f56bfc062723c751e8b465ee728b)  -> (artifact id: '2ffd801f76455d033a3e53116ff25877') in 0.153614 seconds
  Import took 0.190603 seconds .

========================================================================
Received Import Request.
  Time since last request: 0.000832 seconds.
  path: Assets/_Course Library/Models/Table_Dining_Modern.fbx
  artifactKey: Guid(fc435bf53539ae54bbf8287a0789e28b) Importer(815301076,1909f56bfc062723c751e8b465ee728b)
Start importing Assets/_Course Library/Models/Table_Dining_Modern.fbx using Guid(fc435bf53539ae54bbf8287a0789e28b) Importer(815301076,1909f56bfc062723c751e8b465ee728b)  -> (artifact id: '0978060f539e118348dd712d1781cdb9') in 0.137511 seconds
  Import took 0.165231 seconds .

========================================================================
Received Import Request.
  Time since last request: 0.001008 seconds.
  path: Assets/_Course Library/Models/Speaker_Modern.fbx
  artifactKey: Guid(170cd692d79b1384c9bbe47b262ea1fb) Importer(815301076,1909f56bfc062723c751e8b465ee728b)
Start importing Assets/_Course Library/Models/Speaker_Modern.fbx using Guid(170cd692d79b1384c9bbe47b262ea1fb) Importer(815301076,1909f56bfc062723c751e8b465ee728b)  -> (artifact id: 'd43825d51470c3b09fb45b7c775fad62') in 0.130387 seconds
  Import took 0.158982 seconds .

========================================================================
Received Import Request.
  Time since last request: 0.000885 seconds.
  path: Assets/_Course Library/Models/VR_Hand_Blue.FBX
  artifactKey: Guid(1e0aa385a29277f44abdc9f94a611727) Importer(815301076,1909f56bfc062723c751e8b465ee728b)
Start importing Assets/_Course Library/Models/VR_Hand_Blue.FBX using Guid(1e0aa385a29277f44abdc9f94a611727) Importer(815301076,1909f56bfc062723c751e8b465ee728b)  -> (artifact id: 'ba97a2eb061aba3372a969a3ee9a97d1') in 0.158630 seconds
  Import took 0.212928 seconds .

========================================================================
Received Import Request.
  Time since last request: 0.001002 seconds.
  path: Assets/_Course Library/Models/Table_Dining_Modern_B 1.fbx
  artifactKey: Guid(1e9d9eaccd24a604e8f8c113d2bcd6b3) Importer(815301076,1909f56bfc062723c751e8b465ee728b)
Start importing Assets/_Course Library/Models/Table_Dining_Modern_B 1.fbx using Guid(1e9d9eaccd24a604e8f8c113d2bcd6b3) Importer(815301076,1909f56bfc062723c751e8b465ee728b)  -> (artifact id: 'aaadb647abc6d304a84db421d902fd57') in 0.163161 seconds
  Import took 0.193572 seconds .

========================================================================
Received Import Request.
  Time since last request: 0.000926 seconds.
  path: Assets/_Course Library/Models/Sports_Cricket_Bat.fbx
  artifactKey: Guid(6c4fb8ed4a6a52144bb9e21878d78250) Importer(815301076,1909f56bfc062723c751e8b465ee728b)
Start importing Assets/_Course Library/Models/Sports_Cricket_Bat.fbx using Guid(6c4fb8ed4a6a52144bb9e21878d78250) Importer(815301076,1909f56bfc062723c751e8b465ee728b)  -> (artifact id: '08ee307ec27a14674739f4c9503828aa') in 0.135176 seconds
  Import took 0.160470 seconds .

========================================================================
Received Import Request.
  Time since last request: 0.000557 seconds.
  path: Assets/_Course Library/Models/Art_Painting_3.fbx
  artifactKey: Guid(2b2238b54f5ddf94f80c61ab243c13c3) Importer(815301076,1909f56bfc062723c751e8b465ee728b)
Start importing Assets/_Course Library/Models/Art_Painting_3.fbx using Guid(2b2238b54f5ddf94f80c61ab243c13c3) Importer(815301076,1909f56bfc062723c751e8b465ee728b)  -> (artifact id: 'f675c5086131d7dc382d9e9c602a59f4') in 0.119062 seconds
  Import took 0.135682 seconds .

========================================================================
Received Import Request.
  Time since last request: 0.000940 seconds.
  path: Assets/_Course Library/Models/Chair_Rustic.fbx
  artifactKey: Guid(8c1fb203490f1664ba9890dee69d5a12) Importer(815301076,1909f56bfc062723c751e8b465ee728b)
Start importing Assets/_Course Library/Models/Chair_Rustic.fbx using Guid(8c1fb203490f1664ba9890dee69d5a12) Importer(815301076,1909f56bfc062723c751e8b465ee728b)  -> (artifact id: 'f9093046317f3d5ac9772d731b1c357e') in 0.123082 seconds
  Import took 0.150458 seconds .

========================================================================
Received Import Request.
  Time since last request: 0.001107 seconds.
  path: Assets/_Course Library/Models/RoomModern_Models/Room_Modern_All.FBX
  artifactKey: Guid(be28df98030e8f64591e136832fc9829) Importer(815301076,1909f56bfc062723c751e8b465ee728b)
Start importing Assets/_Course Library/Models/RoomModern_Models/Room_Modern_All.FBX using Guid(be28df98030e8f64591e136832fc9829) Importer(815301076,1909f56bfc062723c751e8b465ee728b)  -> (artifact id: 'd98644270ea11898c6059d108ec3e73a') in 0.296876 seconds
  Import took 0.324697 seconds .

========================================================================
Received Import Request.
  Time since last request: 0.000504 seconds.
  path: Assets/_Course Library/Models/Sports_Cricket_Bat_B.fbx
  artifactKey: Guid(163336123a8366e468095f7c5efe0a33) Importer(815301076,1909f56bfc062723c751e8b465ee728b)
Start importing Assets/_Course Library/Models/Sports_Cricket_Bat_B.fbx using Guid(163336123a8366e468095f7c5efe0a33) Importer(815301076,1909f56bfc062723c751e8b465ee728b)  -> (artifact id: 'fe4bc0f9f64600682b5fb513db613d0e') in 0.131137 seconds
  Import took 0.146522 seconds .

========================================================================
Received Import Request.
  Time since last request: 78.721653 seconds.
  path: Assets/Score.cs
  artifactKey: Guid(f3653f23b0117e4449a18c31aac9915e) Importer(815301076,1909f56bfc062723c751e8b465ee728b)
Start importing Assets/Score.cs using Guid(f3653f23b0117e4449a18c31aac9915e) Importer(815301076,1909f56bfc062723c751e8b465ee728b)  -> (artifact id: '53780d1e5958514841e2ec305ff20fca') in 0.041613 seconds
  Import took 0.053776 seconds .

========================================================================
Received Prepare
Registering precompiled user dll's ...
Registered in 0.005796 seconds.
Begin MonoManager ReloadAssembly
Native extension for WindowsStandalone target not found
Refreshing native plugins compatible for Editor in 1.54 ms, found 8 plugins.
Preloading 1 native plugins for Editor in 0.16 ms.
Invoked RoslynAnalysisRunner static constructor.
RoslynAnalysisRunner will not be running.
RoslynAnalysisRunner has terminated.
NullReferenceException: Object reference not set to an instance of an object
  at Unity.XR.Oculus.OculusLoader.AssetPathToAbsolutePath (System.String assetPath) [0x00048] in F:\All DATA OF UNI\6th Semester\FYP\Work\Environment Practice\Create-with-VR_2020LTS\VR Room Project\Library\PackageCache\com.unity.xr.oculus@1.8.1\Runtime\OculusLoader.cs:243 
  at Unity.XR.Oculus.OculusLoader.EditorLoadOVRPlugin () [0x0007b] in F:\All DATA OF UNI\6th Semester\FYP\Work\Environment Practice\Create-with-VR_2020LTS\VR Room Project\Library\PackageCache\com.unity.xr.oculus@1.8.1\Runtime\OculusLoader.cs:228 

(Filename: Library/PackageCache/com.unity.xr.oculus@1.8.1/Runtime/OculusLoader.cs Line: 243)

Mono: successfully reloaded assembly
- Completed reload, in  2.449 seconds
Platform modules already initialized, skipping
Shader 'Universal Render Pipeline/Particles/Lit': fallback shader 'Universal Render Pipeline/Particles/SimpleLit' not found
Refreshing native plugins compatible for Editor in 1.54 ms, found 8 plugins.
Preloading 1 native plugins for Editor in 0.23 ms.
Unloading 2969 Unused Serialized files (Serialized files now loaded: 0)
System memory in use before: 139.3 MB.
System memory in use after: 139.5 MB.

Unloading 19 unused Assets to reduce memory usage. Loaded Objects now: 3631.
Total: 5.704600 ms (FindLiveObjects: 0.704900 ms CreateObjectMapping: 0.506600 ms MarkObjects: 4.444600 ms  DeleteObjects: 0.046300 ms)

========================================================================
Received Import Request.
  Time since last request: 134.481232 seconds.
  path: Assets/Score.cs
  artifactKey: Guid(f3653f23b0117e4449a18c31aac9915e) Importer(815301076,1909f56bfc062723c751e8b465ee728b)
Start importing Assets/Score.cs using Guid(f3653f23b0117e4449a18c31aac9915e) Importer(815301076,1909f56bfc062723c751e8b465ee728b)  -> (artifact id: 'b293c8eaf7a91a2910010dcff33dd2d8') in 0.022482 seconds
  Import took 0.037559 seconds .

========================================================================
Received Prepare
Registering precompiled user dll's ...
Registered in 0.018665 seconds.
Begin MonoManager ReloadAssembly
Native extension for WindowsStandalone target not found
Refreshing native plugins compatible for Editor in 2.73 ms, found 8 plugins.
Preloading 1 native plugins for Editor in 0.33 ms.
Invoked RoslynAnalysisRunner static constructor.
RoslynAnalysisRunner will not be running.
RoslynAnalysisRunner has terminated.
NullReferenceException: Object reference not set to an instance of an object
  at Unity.XR.Oculus.OculusLoader.AssetPathToAbsolutePath (System.String assetPath) [0x00048] in F:\All DATA OF UNI\6th Semester\FYP\Work\Environment Practice\Create-with-VR_2020LTS\VR Room Project\Library\PackageCache\com.unity.xr.oculus@1.8.1\Runtime\OculusLoader.cs:243 
  at Unity.XR.Oculus.OculusLoader.EditorLoadOVRPlugin () [0x0007b] in F:\All DATA OF UNI\6th Semester\FYP\Work\Environment Practice\Create-with-VR_2020LTS\VR Room Project\Library\PackageCache\com.unity.xr.oculus@1.8.1\Runtime\OculusLoader.cs:228 

(Filename: Library/PackageCache/com.unity.xr.oculus@1.8.1/Runtime/OculusLoader.cs Line: 243)

Mono: successfully reloaded assembly
- Completed reload, in  2.468 seconds
Platform modules already initialized, skipping
Shader 'Universal Render Pipeline/Particles/Lit': fallback shader 'Universal Render Pipeline/Particles/SimpleLit' not found
Refreshing native plugins compatible for Editor in 1.50 ms, found 8 plugins.
Preloading 1 native plugins for Editor in 0.16 ms.
Unloading 2969 Unused Serialized files (Serialized files now loaded: 0)
System memory in use before: 139.3 MB.
System memory in use after: 139.6 MB.

Unloading 19 unused Assets to reduce memory usage. Loaded Objects now: 3635.
Total: 5.536300 ms (FindLiveObjects: 0.654700 ms CreateObjectMapping: 0.523200 ms MarkObjects: 4.305100 ms  DeleteObjects: 0.051000 ms)

========================================================================
Received Import Request.
  Time since last request: 717.895760 seconds.
  path: ProjectSettings/TagManager.asset
  artifactKey: Guid(00000000000000003000000000000000) Importer(815301076,1909f56bfc062723c751e8b465ee728b)
Start importing ProjectSettings/TagManager.asset using Guid(00000000000000003000000000000000) Importer(815301076,1909f56bfc062723c751e8b465ee728b)  -> (artifact id: 'b9a2a78e0480b4453329460c4fcb5823') in 0.050203 seconds
  Import took 0.083422 seconds .

========================================================================
Received Prepare
Registering precompiled user dll's ...
Registered in 0.008236 seconds.
Begin MonoManager ReloadAssembly
Native extension for WindowsStandalone target not found
Refreshing native plugins compatible for Editor in 2.55 ms, found 8 plugins.
Preloading 1 native plugins for Editor in 0.16 ms.
Invoked RoslynAnalysisRunner static constructor.
RoslynAnalysisRunner will not be running.
RoslynAnalysisRunner has terminated.
NullReferenceException: Object reference not set to an instance of an object
  at Unity.XR.Oculus.OculusLoader.AssetPathToAbsolutePath (System.String assetPath) [0x00048] in F:\All DATA OF UNI\6th Semester\FYP\Work\Environment Practice\Create-with-VR_2020LTS\VR Room Project\Library\PackageCache\com.unity.xr.oculus@1.8.1\Runtime\OculusLoader.cs:243 
  at Unity.XR.Oculus.OculusLoader.EditorLoadOVRPlugin () [0x0007b] in F:\All DATA OF UNI\6th Semester\FYP\Work\Environment Practice\Create-with-VR_2020LTS\VR Room Project\Library\PackageCache\com.unity.xr.oculus@1.8.1\Runtime\OculusLoader.cs:228 

(Filename: Library/PackageCache/com.unity.xr.oculus@1.8.1/Runtime/OculusLoader.cs Line: 243)

Mono: successfully reloaded assembly
- Completed reload, in  2.244 seconds
Platform modules already initialized, skipping
Shader 'Universal Render Pipeline/Particles/Lit': fallback shader 'Universal Render Pipeline/Particles/SimpleLit' not found
Refreshing native plugins compatible for Editor in 1.37 ms, found 8 plugins.
Preloading 1 native plugins for Editor in 0.10 ms.
Unloading 2969 Unused Serialized files (Serialized files now loaded: 0)
System memory in use before: 139.4 MB.
System memory in use after: 139.6 MB.

Unloading 20 unused Assets to reduce memory usage. Loaded Objects now: 3639.
Total: 6.678100 ms (FindLiveObjects: 0.761700 ms CreateObjectMapping: 0.489400 ms MarkObjects: 5.362700 ms  DeleteObjects: 0.062300 ms)

========================================================================
Received Prepare
Registering precompiled user dll's ...
Registered in 0.016659 seconds.
Begin MonoManager ReloadAssembly
Native extension for WindowsStandalone target not found
Refreshing native plugins compatible for Editor in 1.69 ms, found 8 plugins.
Preloading 1 native plugins for Editor in 0.21 ms.
Invoked RoslynAnalysisRunner static constructor.
RoslynAnalysisRunner will not be running.
RoslynAnalysisRunner has terminated.
NullReferenceException: Object reference not set to an instance of an object
  at Unity.XR.Oculus.OculusLoader.AssetPathToAbsolutePath (System.String assetPath) [0x00048] in F:\All DATA OF UNI\6th Semester\FYP\Work\Environment Practice\Create-with-VR_2020LTS\VR Room Project\Library\PackageCache\com.unity.xr.oculus@1.8.1\Runtime\OculusLoader.cs:243 
  at Unity.XR.Oculus.OculusLoader.EditorLoadOVRPlugin () [0x0007b] in F:\All DATA OF UNI\6th Semester\FYP\Work\Environment Practice\Create-with-VR_2020LTS\VR Room Project\Library\PackageCache\com.unity.xr.oculus@1.8.1\Runtime\OculusLoader.cs:228 

(Filename: Library/PackageCache/com.unity.xr.oculus@1.8.1/Runtime/OculusLoader.cs Line: 243)

Mono: successfully reloaded assembly
- Completed reload, in  2.419 seconds
Platform modules already initialized, skipping
Shader 'Universal Render Pipeline/Particles/Lit': fallback shader 'Universal Render Pipeline/Particles/SimpleLit' not found
Refreshing native plugins compatible for Editor in 1.57 ms, found 8 plugins.
Preloading 1 native plugins for Editor in 0.12 ms.
Unloading 2969 Unused Serialized files (Serialized files now loaded: 0)
System memory in use before: 139.4 MB.
System memory in use after: 139.6 MB.

Unloading 19 unused Assets to reduce memory usage. Loaded Objects now: 3643.
Total: 5.005200 ms (FindLiveObjects: 0.888300 ms CreateObjectMapping: 0.370100 ms MarkObjects: 3.675600 ms  DeleteObjects: 0.069600 ms)

========================================================================
Received Prepare
Registering precompiled user dll's ...
Registered in 0.005801 seconds.
Begin MonoManager ReloadAssembly
Native extension for WindowsStandalone target not found
Refreshing native plugins compatible for Editor in 1.20 ms, found 8 plugins.
Preloading 1 native plugins for Editor in 0.11 ms.
Invoked RoslynAnalysisRunner static constructor.
RoslynAnalysisRunner will not be running.
RoslynAnalysisRunner has terminated.
NullReferenceException: Object reference not set to an instance of an object
  at Unity.XR.Oculus.OculusLoader.AssetPathToAbsolutePath (System.String assetPath) [0x00048] in F:\All DATA OF UNI\6th Semester\FYP\Work\Environment Practice\Create-with-VR_2020LTS\VR Room Project\Library\PackageCache\com.unity.xr.oculus@1.8.1\Runtime\OculusLoader.cs:243 
  at Unity.XR.Oculus.OculusLoader.EditorLoadOVRPlugin () [0x0007b] in F:\All DATA OF UNI\6th Semester\FYP\Work\Environment Practice\Create-with-VR_2020LTS\VR Room Project\Library\PackageCache\com.unity.xr.oculus@1.8.1\Runtime\OculusLoader.cs:228 

(Filename: Library/PackageCache/com.unity.xr.oculus@1.8.1/Runtime/OculusLoader.cs Line: 243)

Mono: successfully reloaded assembly
- Completed reload, in  1.839 seconds
Platform modules already initialized, skipping
Shader 'Universal Render Pipeline/Particles/Lit': fallback shader 'Universal Render Pipeline/Particles/SimpleLit' not found
Refreshing native plugins compatible for Editor in 1.47 ms, found 8 plugins.
Preloading 1 native plugins for Editor in 0.14 ms.
Unloading 2969 Unused Serialized files (Serialized files now loaded: 0)
System memory in use before: 139.4 MB.
System memory in use after: 139.6 MB.

Unloading 19 unused Assets to reduce memory usage. Loaded Objects now: 3647.
Total: 5.058100 ms (FindLiveObjects: 0.622500 ms CreateObjectMapping: 0.397000 ms MarkObjects: 3.987700 ms  DeleteObjects: 0.049200 ms)

========================================================================
Received Prepare
Registering precompiled user dll's ...
Registered in 0.032847 seconds.
Begin MonoManager ReloadAssembly
Native extension for WindowsStandalone target not found
Refreshing native plugins compatible for Editor in 4.51 ms, found 8 plugins.
Preloading 1 native plugins for Editor in 0.63 ms.
Invoked RoslynAnalysisRunner static constructor.
RoslynAnalysisRunner will not be running.
RoslynAnalysisRunner has terminated.
NullReferenceException: Object reference not set to an instance of an object
  at Unity.XR.Oculus.OculusLoader.AssetPathToAbsolutePath (System.String assetPath) [0x00048] in F:\All DATA OF UNI\6th Semester\FYP\Work\Environment Practice\Create-with-VR_2020LTS\VR Room Project\Library\PackageCache\com.unity.xr.oculus@1.8.1\Runtime\OculusLoader.cs:243 
  at Unity.XR.Oculus.OculusLoader.EditorLoadOVRPlugin () [0x0007b] in F:\All DATA OF UNI\6th Semester\FYP\Work\Environment Practice\Create-with-VR_2020LTS\VR Room Project\Library\PackageCache\com.unity.xr.oculus@1.8.1\Runtime\OculusLoader.cs:228 

(Filename: Library/PackageCache/com.unity.xr.oculus@1.8.1/Runtime/OculusLoader.cs Line: 243)

Mono: successfully reloaded assembly
- Completed reload, in  7.954 seconds
Platform modules already initialized, skipping
Shader 'Universal Render Pipeline/Particles/Lit': fallback shader 'Universal Render Pipeline/Particles/SimpleLit' not found
Refreshing native plugins compatible for Editor in 4.75 ms, found 8 plugins.
Preloading 1 native plugins for Editor in 0.52 ms.
Unloading 2969 Unused Serialized files (Serialized files now loaded: 0)
System memory in use before: 139.4 MB.
System memory in use after: 139.7 MB.

Unloading 19 unused Assets to reduce memory usage. Loaded Objects now: 3651.
Total: 16.185800 ms (FindLiveObjects: 1.006600 ms CreateObjectMapping: 0.659100 ms MarkObjects: 14.399500 ms  DeleteObjects: 0.115200 ms)

========================================================================
Received Prepare
Registering precompiled user dll's ...
Registered in 0.024875 seconds.
Begin MonoManager ReloadAssembly
Native extension for WindowsStandalone target not found
Refreshing native plugins compatible for Editor in 1.61 ms, found 8 plugins.
Preloading 1 native plugins for Editor in 0.21 ms.
Invoked RoslynAnalysisRunner static constructor.
RoslynAnalysisRunner will not be running.
RoslynAnalysisRunner has terminated.
NullReferenceException: Object reference not set to an instance of an object
  at Unity.XR.Oculus.OculusLoader.AssetPathToAbsolutePath (System.String assetPath) [0x00048] in F:\All DATA OF UNI\6th Semester\FYP\Work\Environment Practice\Create-with-VR_2020LTS\VR Room Project\Library\PackageCache\com.unity.xr.oculus@1.8.1\Runtime\OculusLoader.cs:243 
  at Unity.XR.Oculus.OculusLoader.EditorLoadOVRPlugin () [0x0007b] in F:\All DATA OF UNI\6th Semester\FYP\Work\Environment Practice\Create-with-VR_2020LTS\VR Room Project\Library\PackageCache\com.unity.xr.oculus@1.8.1\Runtime\OculusLoader.cs:228 

(Filename: Library/PackageCache/com.unity.xr.oculus@1.8.1/Runtime/OculusLoader.cs Line: 243)

Mono: successfully reloaded assembly
- Completed reload, in  2.274 seconds
Platform modules already initialized, skipping
Shader 'Universal Render Pipeline/Particles/Lit': fallback shader 'Universal Render Pipeline/Particles/SimpleLit' not found
Refreshing native plugins compatible for Editor in 1.59 ms, found 8 plugins.
Preloading 1 native plugins for Editor in 0.16 ms.
Unloading 2969 Unused Serialized files (Serialized files now loaded: 0)
System memory in use before: 139.4 MB.
System memory in use after: 139.7 MB.

Unloading 19 unused Assets to reduce memory usage. Loaded Objects now: 3655.
Total: 5.743600 ms (FindLiveObjects: 0.693100 ms CreateObjectMapping: 0.532800 ms MarkObjects: 4.453500 ms  DeleteObjects: 0.062100 ms)

AssetImportWorkerClient::OnTransportError - code=2 error=End of file
